Deployment start
Repository git@github.com:siyamzakir/moithue.com.vn.git
Checking project directory is empty
Project directory is git repository
On branch master
Your branch is up to date with 'origin/master'.

Changes not staged for commit:
  (use "git add/rm <file>..." to update what will be committed)
  (use "git restore <file>..." to discard changes in working directory)
	modified:   .htaccess
	modified:   main-config.php
	modified:   modules/DB.php
	modified:   readme.html
	modified:   wp-admin/about.php
	modified:   wp-admin/async-upload.php
	modified:   wp-admin/css/about-rtl.css
	modified:   wp-admin/css/about-rtl.min.css
	modified:   wp-admin/css/about.css
	modified:   wp-admin/css/about.min.css
	modified:   wp-admin/css/common-rtl.css
	modified:   wp-admin/css/common-rtl.min.css
	modified:   wp-admin/css/common.css
	modified:   wp-admin/css/common.min.css
	modified:   wp-admin/css/customize-controls-rtl.css
	modified:   wp-admin/css/customize-controls-rtl.min.css
	modified:   wp-admin/css/customize-controls.css
	modified:   wp-admin/css/customize-controls.min.css
	modified:   wp-admin/css/edit-rtl.css
	modified:   wp-admin/css/edit-rtl.min.css
	modified:   wp-admin/css/edit.css
	modified:   wp-admin/css/edit.min.css
	modified:   wp-admin/edit-tags.php
	modified:   wp-admin/js/common.js
	modified:   wp-admin/js/common.min.js
	modified:   wp-admin/js/customize-controls.js
	modified:   wp-admin/js/customize-controls.min.js
	modified:   wp-admin/js/post.js
	modified:   wp-admin/js/post.min.js
	modified:   wp-content/mu-plugins/hostinger-mu-plugin.php
	deleted:    wp-content/plugins/advanced-custom-fields/README.md
	deleted:    wp-content/plugins/advanced-custom-fields/acf.php
	deleted:    wp-content/plugins/advanced-custom-fields/assets/build/css/acf-dark.min.css
	deleted:    wp-content/plugins/advanced-custom-fields/assets/build/css/acf-field-group.min.css
	deleted:    wp-content/plugins/advanced-custom-fields/assets/build/css/acf-global.min.css
	deleted:    wp-content/plugins/advanced-custom-fields/assets/build/css/acf-input.min.css
	deleted:    wp-content/plugins/advanced-custom-fields/assets/build/css/index.php
	deleted:    wp-content/plugins/advanced-custom-fields/assets/build/index.php
	deleted:    wp-content/plugins/advanced-custom-fields/assets/build/js/acf-escaped-html-notice.min.js
	deleted:    wp-content/plugins/advanced-custom-fields/assets/build/js/acf-field-group.min.js
	deleted:    wp-content/plugins/advanced-custom-fields/assets/build/js/acf-input.min.js
	deleted:    wp-content/plugins/advanced-custom-fields/assets/build/js/acf-internal-post-type.min.js
	deleted:    wp-content/plugins/advanced-custom-fields/assets/build/js/acf.min.js
	deleted:    wp-content/plugins/advanced-custom-fields/assets/build/js/index.php
	deleted:    wp-content/plugins/advanced-custom-fields/assets/images/acf-logo.svg
	deleted:    wp-content/plugins/advanced-custom-fields/assets/images/acf-pro-logo.svg
	deleted:    wp-content/plugins/advanced-custom-fields/assets/images/empty-group.svg
	deleted:    wp-content/plugins/advanced-custom-fields/assets/images/empty-post-types.svg
	deleted:    wp-content/plugins/advanced-custom-fields/assets/images/empty-taxonomies.svg
	deleted:    wp-content/plugins/advanced-custom-fields/assets/images/face-sad.svg
	deleted:    wp-content/plugins/advanced-custom-fields/assets/images/field-preview-grid.png
	deleted:    wp-content/plugins/advanced-custom-fields/assets/images/field-states/checkbox-active.svg
	deleted:    wp-content/plugins/advanced-custom-fields/assets/images/field-states/checkbox-indeterminate.svg
	deleted:    wp-content/plugins/advanced-custom-fields/assets/images/field-states/index.php
	deleted:    wp-content/plugins/advanced-custom-fields/assets/images/field-states/radio-active.svg
	deleted:    wp-content/plugins/advanced-custom-fields/assets/images/field-type-icons/icon-field-accordion.svg
	deleted:    wp-content/plugins/advanced-custom-fields/assets/images/field-type-icons/icon-field-button-group.svg
	deleted:    wp-content/plugins/advanced-custom-fields/assets/images/field-type-icons/icon-field-checkbox.svg
	deleted:    wp-content/plugins/advanced-custom-fields/assets/images/field-type-icons/icon-field-clone.svg
	deleted:    wp-content/plugins/advanced-custom-fields/assets/images/field-type-icons/icon-field-color-picker.svg
	deleted:    wp-content/plugins/advanced-custom-fields/assets/images/field-type-icons/icon-field-date-picker.svg
	deleted:    wp-content/plugins/advanced-custom-fields/assets/images/field-type-icons/icon-field-date-time-picker.svg
	deleted:    wp-content/plugins/advanced-custom-fields/assets/images/field-type-icons/icon-field-default.svg
	deleted:    wp-content/plugins/advanced-custom-fields/assets/images/field-type-icons/icon-field-email.svg
	deleted:    wp-content/plugins/advanced-custom-fields/assets/images/field-type-icons/icon-field-file.svg
	deleted:    wp-content/plugins/advanced-custom-fields/assets/images/field-type-icons/icon-field-flexible-content.svg
	deleted:    wp-content/plugins/advanced-custom-fields/assets/images/field-type-icons/icon-field-gallery.svg
	deleted:    wp-content/plugins/advanced-custom-fields/assets/images/field-type-icons/icon-field-google-map.svg
	deleted:    wp-content/plugins/advanced-custom-fields/assets/images/field-type-icons/icon-field-group.svg
	deleted:    wp-content/plugins/advanced-custom-fields/assets/images/field-type-icons/icon-field-icon-picker.svg
	deleted:    wp-content/plugins/advanced-custom-fields/assets/images/field-type-icons/icon-field-image.svg
	deleted:    wp-content/plugins/advanced-custom-fields/assets/images/field-type-icons/icon-field-link.svg
	deleted:    wp-content/plugins/advanced-custom-fields/assets/images/field-type-icons/icon-field-message.svg
	deleted:    wp-content/plugins/advanced-custom-fields/assets/images/field-type-icons/icon-field-number.svg
	deleted:    wp-content/plugins/advanced-custom-fields/assets/images/field-type-icons/icon-field-oembed.svg
	deleted:    wp-content/plugins/advanced-custom-fields/assets/images/field-type-icons/icon-field-page-link.svg
	deleted:    wp-content/plugins/advanced-custom-fields/assets/images/field-type-icons/icon-field-password.svg
	deleted:    wp-content/plugins/advanced-custom-fields/assets/images/field-type-icons/icon-field-post-object.svg
	deleted:    wp-content/plugins/advanced-custom-fields/assets/images/field-type-icons/icon-field-radio.svg
	deleted:    wp-content/plugins/advanced-custom-fields/assets/images/field-type-icons/icon-field-range.svg
	deleted:    wp-content/plugins/advanced-custom-fields/assets/images/field-type-icons/icon-field-relationship.svg
	deleted:    wp-content/plugins/advanced-custom-fields/assets/images/field-type-icons/icon-field-repeater.svg
	deleted:    wp-content/plugins/advanced-custom-fields/assets/images/field-type-icons/icon-field-select.svg
	deleted:    wp-content/plugins/advanced-custom-fields/assets/images/field-type-icons/icon-field-tab.svg
	deleted:    wp-content/plugins/advanced-custom-fields/assets/images/field-type-icons/icon-field-taxonomy.svg
	deleted:    wp-content/plugins/advanced-custom-fields/assets/images/field-type-icons/icon-field-text.svg
	deleted:    wp-content/plugins/advanced-custom-fields/assets/images/field-type-icons/icon-field-textarea.svg
	deleted:    wp-content/plugins/advanced-custom-fields/assets/images/field-type-icons/icon-field-time-picker.svg
	deleted:    wp-content/plugins/advanced-custom-fields/assets/images/field-type-icons/icon-field-true-false.svg
	deleted:    wp-content/plugins/advanced-custom-fields/assets/images/field-type-icons/icon-field-url.svg
	deleted:    wp-content/plugins/advanced-custom-fields/assets/images/field-type-icons/icon-field-user.svg
	deleted:    wp-content/plugins/advanced-custom-fields/assets/images/field-type-icons/icon-field-wysiwyg.svg
	deleted:    wp-content/plugins/advanced-custom-fields/assets/images/field-type-icons/index.php
	deleted:    wp-content/plugins/advanced-custom-fields/assets/images/field-type-previews/field-preview-accordion.png
	deleted:    wp-content/plugins/advanced-custom-fields/assets/images/field-type-previews/field-preview-button-group.png
	deleted:    wp-content/plugins/advanced-custom-fields/assets/images/field-type-previews/field-preview-checkbox.png
	deleted:    wp-content/plugins/advanced-custom-fields/assets/images/field-type-previews/field-preview-clone.png
	deleted:    wp-content/plugins/advanced-custom-fields/assets/images/field-type-previews/field-preview-color-picker.png
	deleted:    wp-content/plugins/advanced-custom-fields/assets/images/field-type-previews/field-preview-date-picker.png
	deleted:    wp-content/plugins/advanced-custom-fields/assets/images/field-type-previews/field-preview-date-time.png
	deleted:    wp-content/plugins/advanced-custom-fields/assets/images/field-type-previews/field-preview-email.png
	deleted:    wp-content/plugins/advanced-custom-fields/assets/images/field-type-previews/field-preview-file.png
	deleted:    wp-content/plugins/advanced-custom-fields/assets/images/field-type-previews/field-preview-flexible-content.png
	deleted:    wp-content/plugins/advanced-custom-fields/assets/images/field-type-previews/field-preview-gallery.png
	deleted:    wp-content/plugins/advanced-custom-fields/assets/images/field-type-previews/field-preview-google-map.png
	deleted:    wp-content/plugins/advanced-custom-fields/assets/images/field-type-previews/field-preview-group.png
	deleted:    wp-content/plugins/advanced-custom-fields/assets/images/field-type-previews/field-preview-icon-picker.png
	deleted:    wp-content/plugins/advanced-custom-fields/assets/images/field-type-previews/field-preview-image.png
	deleted:    wp-content/plugins/advanced-custom-fields/assets/images/field-type-previews/field-preview-link.png
	deleted:    wp-content/plugins/advanced-custom-fields/assets/images/field-type-previews/field-preview-message.png
	deleted:    wp-content/plugins/advanced-custom-fields/assets/images/field-type-previews/field-preview-number.png
	deleted:    wp-content/plugins/advanced-custom-fields/assets/images/field-type-previews/field-preview-oembed.png
	deleted:    wp-content/plugins/advanced-custom-fields/assets/images/field-type-previews/field-preview-page-link.png
	deleted:    wp-content/plugins/advanced-custom-fields/assets/images/field-type-previews/field-preview-password.png
	deleted:    wp-content/plugins/advanced-custom-fields/assets/images/field-type-previews/field-preview-post-object.png
	deleted:    wp-content/plugins/advanced-custom-fields/assets/images/field-type-previews/field-preview-radio-button.png
	deleted:    wp-content/plugins/advanced-custom-fields/assets/images/field-type-previews/field-preview-range.png
	deleted:    wp-content/plugins/advanced-custom-fields/assets/images/field-type-previews/field-preview-relationship.png
	deleted:    wp-content/plugins/advanced-custom-fields/assets/images/field-type-previews/field-preview-repeater.png
	deleted:    wp-content/plugins/advanced-custom-fields/assets/images/field-type-previews/field-preview-select.png
	deleted:    wp-content/plugins/advanced-custom-fields/assets/images/field-type-previews/field-preview-tabs.png
	deleted:    wp-content/plugins/advanced-custom-fields/assets/images/field-type-previews/field-preview-taxonomy.png
	deleted:    wp-content/plugins/advanced-custom-fields/assets/images/field-type-previews/field-preview-text.png
	deleted:    wp-content/plugins/advanced-custom-fields/assets/images/field-type-previews/field-preview-textarea.png
	deleted:    wp-content/plugins/advanced-custom-fields/assets/images/field-type-previews/field-preview-time.png
	deleted:    wp-content/plugins/advanced-custom-fields/assets/images/field-type-previews/field-preview-true-false.png
	deleted:    wp-content/plugins/advanced-custom-fields/assets/images/field-type-previews/field-preview-url.png
	deleted:    wp-content/plugins/advanced-custom-fields/assets/images/field-type-previews/field-preview-user.png
	deleted:    wp-content/plugins/advanced-custom-fields/assets/images/field-type-previews/field-preview-wysiwyg.png
	deleted:    wp-content/plugins/advanced-custom-fields/assets/images/field-type-previews/index.php
	deleted:    wp-content/plugins/advanced-custom-fields/assets/images/icon-upgrade-pro.svg
	deleted:    wp-content/plugins/advanced-custom-fields/assets/images/icons/icon-add.svg
	deleted:    wp-content/plugins/advanced-custom-fields/assets/images/icons/icon-alert-triangle.svg
	deleted:    wp-content/plugins/advanced-custom-fields/assets/images/icons/icon-arrow-left.svg
	deleted:    wp-content/plugins/advanced-custom-fields/assets/images/icons/icon-arrow-right.svg
	deleted:    wp-content/plugins/advanced-custom-fields/assets/images/icons/icon-arrow-up-right.svg
	deleted:    wp-content/plugins/advanced-custom-fields/assets/images/icons/icon-check-circle-solid.svg
	deleted:    wp-content/plugins/advanced-custom-fields/assets/images/icons/icon-check.svg
	deleted:    wp-content/plugins/advanced-custom-fields/assets/images/icons/icon-chevron-down.svg
	deleted:    wp-content/plugins/advanced-custom-fields/assets/images/icons/icon-chevron-left-double.svg
	deleted:    wp-content/plugins/advanced-custom-fields/assets/images/icons/icon-chevron-left.svg
	deleted:    wp-content/plugins/advanced-custom-fields/assets/images/icons/icon-chevron-right-double.svg
	deleted:    wp-content/plugins/advanced-custom-fields/assets/images/icons/icon-chevron-right.svg
	deleted:    wp-content/plugins/advanced-custom-fields/assets/images/icons/icon-chevron-up.svg
	deleted:    wp-content/plugins/advanced-custom-fields/assets/images/icons/icon-close-circle.svg
	deleted:    wp-content/plugins/advanced-custom-fields/assets/images/icons/icon-close.svg
	deleted:    wp-content/plugins/advanced-custom-fields/assets/images/icons/icon-copy.svg
	deleted:    wp-content/plugins/advanced-custom-fields/assets/images/icons/icon-document.svg
	deleted:    wp-content/plugins/advanced-custom-fields/assets/images/icons/icon-dots-grid.svg
	deleted:    wp-content/plugins/advanced-custom-fields/assets/images/icons/icon-draggable.svg
	deleted:    wp-content/plugins/advanced-custom-fields/assets/images/icons/icon-export.svg
	deleted:    wp-content/plugins/advanced-custom-fields/assets/images/icons/icon-extended-menu.svg
	deleted:    wp-content/plugins/advanced-custom-fields/assets/images/icons/icon-field-groups.svg
	deleted:    wp-content/plugins/advanced-custom-fields/assets/images/icons/icon-fields.svg
	deleted:    wp-content/plugins/advanced-custom-fields/assets/images/icons/icon-globe.svg
	deleted:    wp-content/plugins/advanced-custom-fields/assets/images/icons/icon-help.svg
	deleted:    wp-content/plugins/advanced-custom-fields/assets/images/icons/icon-hidden.svg
	deleted:    wp-content/plugins/advanced-custom-fields/assets/images/icons/icon-import.svg
	deleted:    wp-content/plugins/advanced-custom-fields/assets/images/icons/icon-info-red.svg
	deleted:    wp-content/plugins/advanced-custom-fields/assets/images/icons/icon-info-solid.svg
	deleted:    wp-content/plugins/advanced-custom-fields/assets/images/icons/icon-info-white.svg
	deleted:    wp-content/plugins/advanced-custom-fields/assets/images/icons/icon-info.svg
	deleted:    wp-content/plugins/advanced-custom-fields/assets/images/icons/icon-key-solid.svg
	deleted:    wp-content/plugins/advanced-custom-fields/assets/images/icons/icon-key.svg
	deleted:    wp-content/plugins/advanced-custom-fields/assets/images/icons/icon-layout.svg
	deleted:    wp-content/plugins/advanced-custom-fields/assets/images/icons/icon-lock.svg
	deleted:    wp-content/plugins/advanced-custom-fields/assets/images/icons/icon-play.svg
	deleted:    wp-content/plugins/advanced-custom-fields/assets/images/icons/icon-post-type.svg
	deleted:    wp-content/plugins/advanced-custom-fields/assets/images/icons/icon-regenerate.svg
	deleted:    wp-content/plugins/advanced-custom-fields/assets/images/icons/icon-search.svg
	deleted:    wp-content/plugins/advanced-custom-fields/assets/images/icons/icon-settings.svg
	deleted:    wp-content/plugins/advanced-custom-fields/assets/images/icons/icon-sliders.svg
	deleted:    wp-content/plugins/advanced-custom-fields/assets/images/icons/icon-stars.svg
	deleted:    wp-content/plugins/advanced-custom-fields/assets/images/icons/icon-taxonomies.svg
	deleted:    wp-content/plugins/advanced-custom-fields/assets/images/icons/icon-time.svg
	deleted:    wp-content/plugins/advanced-custom-fields/assets/images/icons/icon-tools.svg
	deleted:    wp-content/plugins/advanced-custom-fields/assets/images/icons/icon-trash.svg
	deleted:    wp-content/plugins/advanced-custom-fields/assets/images/icons/icon-updates.svg
	deleted:    wp-content/plugins/advanced-custom-fields/assets/images/icons/icon-warning-alt-red.svg
	deleted:    wp-content/plugins/advanced-custom-fields/assets/images/icons/icon-warning-alt.svg
	deleted:    wp-content/plugins/advanced-custom-fields/assets/images/icons/icon-warning.svg
	deleted:    wp-content/plugins/advanced-custom-fields/assets/images/icons/index.php
	deleted:    wp-content/plugins/advanced-custom-fields/assets/images/index.php
	deleted:    wp-content/plugins/advanced-custom-fields/assets/images/pro-chip-locked.svg
	deleted:    wp-content/plugins/advanced-custom-fields/assets/images/pro-chip.svg
	deleted:    wp-content/plugins/advanced-custom-fields/assets/images/pro-upgrade-grid-bg.svg
	deleted:    wp-content/plugins/advanced-custom-fields/assets/images/pro-upgrade-overlay.svg
	deleted:    wp-content/plugins/advanced-custom-fields/assets/images/spinner.gif
	deleted:    wp-content/plugins/advanced-custom-fields/assets/images/spinner@2x.gif
	deleted:    wp-content/plugins/advanced-custom-fields/assets/images/wp-engine-horizontal-black.svg
	deleted:    wp-content/plugins/advanced-custom-fields/assets/images/wp-engine-horizontal-white.svg
	deleted:    wp-content/plugins/advanced-custom-fields/assets/inc/color-picker-alpha/index.php
	deleted:    wp-content/plugins/advanced-custom-fields/assets/inc/color-picker-alpha/wp-color-picker-alpha.js
	deleted:    wp-content/plugins/advanced-custom-fields/assets/inc/color-picker-alpha/wp-color-picker-alpha.min.js
	deleted:    wp-content/plugins/advanced-custom-fields/assets/inc/datepicker/images/index.php
	deleted:    wp-content/plugins/advanced-custom-fields/assets/inc/datepicker/images/ui-bg_highlight-soft_0_ffffff_1x100.png
	deleted:    wp-content/plugins/advanced-custom-fields/assets/inc/datepicker/images/ui-icons_444444_256x240.png
	deleted:    wp-content/plugins/advanced-custom-fields/assets/inc/datepicker/images/ui-icons_DDDDDD_256x240.png
	deleted:    wp-content/plugins/advanced-custom-fields/assets/inc/datepicker/images/ui-icons_ffffff_256x240.png
	deleted:    wp-content/plugins/advanced-custom-fields/assets/inc/datepicker/index.php
	deleted:    wp-content/plugins/advanced-custom-fields/assets/inc/datepicker/jquery-ui.css
	deleted:    wp-content/plugins/advanced-custom-fields/assets/inc/datepicker/jquery-ui.min.css
	deleted:    wp-content/plugins/advanced-custom-fields/assets/inc/index.php
	deleted:    wp-content/plugins/advanced-custom-fields/assets/inc/select2/3/index.php
	deleted:    wp-content/plugins/advanced-custom-fields/assets/inc/select2/3/select2-spinner.gif
	deleted:    wp-content/plugins/advanced-custom-fields/assets/inc/select2/3/select2.css
	deleted:    wp-content/plugins/advanced-custom-fields/assets/inc/select2/3/select2.js
	deleted:    wp-content/plugins/advanced-custom-fields/assets/inc/select2/3/select2.min.js
	deleted:    wp-content/plugins/advanced-custom-fields/assets/inc/select2/3/select2.png
	deleted:    wp-content/plugins/advanced-custom-fields/assets/inc/select2/3/select2x2.png
	deleted:    wp-content/plugins/advanced-custom-fields/assets/inc/select2/4/index.php
	deleted:    wp-content/plugins/advanced-custom-fields/assets/inc/select2/4/select2.css
	deleted:    wp-content/plugins/advanced-custom-fields/assets/inc/select2/4/select2.full.js
	deleted:    wp-content/plugins/advanced-custom-fields/assets/inc/select2/4/select2.full.min.js
	deleted:    wp-content/plugins/advanced-custom-fields/assets/inc/select2/4/select2.js
	deleted:    wp-content/plugins/advanced-custom-fields/assets/inc/select2/4/select2.min.css
	deleted:    wp-content/plugins/advanced-custom-fields/assets/inc/select2/4/select2.min.js
	deleted:    wp-content/plugins/advanced-custom-fields/assets/inc/select2/index.php
	deleted:    wp-content/plugins/advanced-custom-fields/assets/inc/timepicker/index.php
	deleted:    wp-content/plugins/advanced-custom-fields/assets/inc/timepicker/jquery-ui-timepicker-addon.css
	deleted:    wp-content/plugins/advanced-custom-fields/assets/inc/timepicker/jquery-ui-timepicker-addon.js
	deleted:    wp-content/plugins/advanced-custom-fields/assets/inc/timepicker/jquery-ui-timepicker-addon.min.css
	deleted:    wp-content/plugins/advanced-custom-fields/assets/inc/timepicker/jquery-ui-timepicker-addon.min.js
	deleted:    wp-content/plugins/advanced-custom-fields/includes/Blocks/Bindings.php
	deleted:    wp-content/plugins/advanced-custom-fields/includes/Blocks/index.php
	deleted:    wp-content/plugins/advanced-custom-fields/includes/acf-bidirectional-functions.php
	deleted:    wp-content/plugins/advanced-custom-fields/includes/acf-field-functions.php
	deleted:    wp-content/plugins/advanced-custom-fields/includes/acf-field-group-functions.php
	deleted:    wp-content/plugins/advanced-custom-fields/includes/acf-form-functions.php
	deleted:    wp-content/plugins/advanced-custom-fields/includes/acf-helper-functions.php
	deleted:    wp-content/plugins/advanced-custom-fields/includes/acf-hook-functions.php
	deleted:    wp-content/plugins/advanced-custom-fields/includes/acf-input-functions.php
	deleted:    wp-content/plugins/advanced-custom-fields/includes/acf-internal-post-type-functions.php
	deleted:    wp-content/plugins/advanced-custom-fields/includes/acf-meta-functions.php
	deleted:    wp-content/plugins/advanced-custom-fields/includes/acf-post-functions.php
	deleted:    wp-content/plugins/advanced-custom-fields/includes/acf-post-type-functions.php
	deleted:    wp-content/plugins/advanced-custom-fields/includes/acf-taxonomy-functions.php
	deleted:    wp-content/plugins/advanced-custom-fields/includes/acf-user-functions.php
	deleted:    wp-content/plugins/advanced-custom-fields/includes/acf-utility-functions.php
	deleted:    wp-content/plugins/advanced-custom-fields/includes/acf-value-functions.php
	deleted:    wp-content/plugins/advanced-custom-fields/includes/acf-wp-functions.php
	deleted:    wp-content/plugins/advanced-custom-fields/includes/admin/admin-internal-post-type-list.php
	deleted:    wp-content/plugins/advanced-custom-fields/includes/admin/admin-internal-post-type.php
	deleted:    wp-content/plugins/advanced-custom-fields/includes/admin/admin-notices.php
	deleted:    wp-content/plugins/advanced-custom-fields/includes/admin/admin-options-pages-preview.php
	deleted:    wp-content/plugins/advanced-custom-fields/includes/admin/admin-tools.php
	deleted:    wp-content/plugins/advanced-custom-fields/includes/admin/admin-upgrade.php
	deleted:    wp-content/plugins/advanced-custom-fields/includes/admin/admin.php
	deleted:    wp-content/plugins/advanced-custom-fields/includes/admin/index.php
	deleted:    wp-content/plugins/advanced-custom-fields/includes/admin/post-types/admin-field-group.php
	deleted:    wp-content/plugins/advanced-custom-fields/includes/admin/post-types/admin-field-groups.php
	deleted:    wp-content/plugins/advanced-custom-fields/includes/admin/post-types/admin-post-type.php
	deleted:    wp-content/plugins/advanced-custom-fields/includes/admin/post-types/admin-post-types.php
	deleted:    wp-content/plugins/advanced-custom-fields/includes/admin/post-types/admin-taxonomies.php
	deleted:    wp-content/plugins/advanced-custom-fields/includes/admin/post-types/admin-taxonomy.php
	deleted:    wp-content/plugins/advanced-custom-fields/includes/admin/post-types/index.php
	deleted:    wp-content/plugins/advanced-custom-fields/includes/admin/tools/class-acf-admin-tool-export.php
	deleted:    wp-content/plugins/advanced-custom-fields/includes/admin/tools/class-acf-admin-tool-import.php
	deleted:    wp-content/plugins/advanced-custom-fields/includes/admin/tools/class-acf-admin-tool.php
	deleted:    wp-content/plugins/advanced-custom-fields/includes/admin/tools/index.php
	deleted:    wp-content/plugins/advanced-custom-fields/includes/admin/views/acf-field-group/conditional-logic.php
	deleted:    wp-content/plugins/advanced-custom-fields/includes/admin/views/acf-field-group/field.php
	deleted:    wp-content/plugins/advanced-custom-fields/includes/admin/views/acf-field-group/fields.php
	deleted:    wp-content/plugins/advanced-custom-fields/includes/admin/views/acf-field-group/index.php
	deleted:    wp-content/plugins/advanced-custom-fields/includes/admin/views/acf-field-group/list-empty.php
	deleted:    wp-content/plugins/advanced-custom-fields/includes/admin/views/acf-field-group/location-group.php
	deleted:    wp-content/plugins/advanced-custom-fields/includes/admin/views/acf-field-group/location-rule.php
	deleted:    wp-content/plugins/advanced-custom-fields/includes/admin/views/acf-field-group/locations.php
	deleted:    wp-content/plugins/advanced-custom-fields/includes/admin/views/acf-field-group/options.php
	deleted:    wp-content/plugins/advanced-custom-fields/includes/admin/views/acf-field-group/pro-features.php
	deleted:    wp-content/plugins/advanced-custom-fields/includes/admin/views/acf-post-type/advanced-settings.php
	deleted:    wp-content/plugins/advanced-custom-fields/includes/admin/views/acf-post-type/basic-settings.php
	deleted:    wp-content/plugins/advanced-custom-fields/includes/admin/views/acf-post-type/index.php
	deleted:    wp-content/plugins/advanced-custom-fields/includes/admin/views/acf-post-type/list-empty.php
	deleted:    wp-content/plugins/advanced-custom-fields/includes/admin/views/acf-taxonomy/advanced-settings.php
	deleted:    wp-content/plugins/advanced-custom-fields/includes/admin/views/acf-taxonomy/basic-settings.php
	deleted:    wp-content/plugins/advanced-custom-fields/includes/admin/views/acf-taxonomy/index.php
	deleted:    wp-content/plugins/advanced-custom-fields/includes/admin/views/acf-taxonomy/list-empty.php
	deleted:    wp-content/plugins/advanced-custom-fields/includes/admin/views/browse-fields-modal.php
	deleted:    wp-content/plugins/advanced-custom-fields/includes/admin/views/escaped-html-notice.php
	deleted:    wp-content/plugins/advanced-custom-fields/includes/admin/views/global/form-top.php
	deleted:    wp-content/plugins/advanced-custom-fields/includes/admin/views/global/header.php
	deleted:    wp-content/plugins/advanced-custom-fields/includes/admin/views/global/index.php
	deleted:    wp-content/plugins/advanced-custom-fields/includes/admin/views/global/navigation.php
	deleted:    wp-content/plugins/advanced-custom-fields/includes/admin/views/index.php
	deleted:    wp-content/plugins/advanced-custom-fields/includes/admin/views/options-page-preview.php
	deleted:    wp-content/plugins/advanced-custom-fields/includes/admin/views/tools/index.php
	deleted:    wp-content/plugins/advanced-custom-fields/includes/admin/views/tools/tools.php
	deleted:    wp-content/plugins/advanced-custom-fields/includes/admin/views/upgrade/index.php
	deleted:    wp-content/plugins/advanced-custom-fields/includes/admin/views/upgrade/network.php
	deleted:    wp-content/plugins/advanced-custom-fields/includes/admin/views/upgrade/notice.php
	deleted:    wp-content/plugins/advanced-custom-fields/includes/admin/views/upgrade/upgrade.php
	deleted:    wp-content/plugins/advanced-custom-fields/includes/ajax/class-acf-ajax-check-screen.php
	deleted:    wp-content/plugins/advanced-custom-fields/includes/ajax/class-acf-ajax-local-json-diff.php
	deleted:    wp-content/plugins/advanced-custom-fields/includes/ajax/class-acf-ajax-query-users.php
	deleted:    wp-content/plugins/advanced-custom-fields/includes/ajax/class-acf-ajax-query.php
	deleted:    wp-content/plugins/advanced-custom-fields/includes/ajax/class-acf-ajax-upgrade.php
	deleted:    wp-content/plugins/advanced-custom-fields/includes/ajax/class-acf-ajax-user-setting.php
	deleted:    wp-content/plugins/advanced-custom-fields/includes/ajax/class-acf-ajax.php
	deleted:    wp-content/plugins/advanced-custom-fields/includes/ajax/index.php
	deleted:    wp-content/plugins/advanced-custom-fields/includes/api/api-helpers.php
	deleted:    wp-content/plugins/advanced-custom-fields/includes/api/api-template.php
	deleted:    wp-content/plugins/advanced-custom-fields/includes/api/api-term.php
	deleted:    wp-content/plugins/advanced-custom-fields/includes/api/index.php
	deleted:    wp-content/plugins/advanced-custom-fields/includes/assets.php
	deleted:    wp-content/plugins/advanced-custom-fields/includes/class-acf-data.php
	deleted:    wp-content/plugins/advanced-custom-fields/includes/class-acf-internal-post-type.php
	deleted:    wp-content/plugins/advanced-custom-fields/includes/class-acf-site-health.php
	deleted:    wp-content/plugins/advanced-custom-fields/includes/compatibility.php
	deleted:    wp-content/plugins/advanced-custom-fields/includes/deprecated.php
	deleted:    wp-content/plugins/advanced-custom-fields/includes/fields.php
	deleted:    wp-content/plugins/advanced-custom-fields/includes/fields/class-acf-field-accordion.php
	deleted:    wp-content/plugins/advanced-custom-fields/includes/fields/class-acf-field-button-group.php
	deleted:    wp-content/plugins/advanced-custom-fields/includes/fields/class-acf-field-checkbox.php
	deleted:    wp-content/plugins/advanced-custom-fields/includes/fields/class-acf-field-color_picker.php
	deleted:    wp-content/plugins/advanced-custom-fields/includes/fields/class-acf-field-date_picker.php
	deleted:    wp-content/plugins/advanced-custom-fields/includes/fields/class-acf-field-date_time_picker.php
	deleted:    wp-content/plugins/advanced-custom-fields/includes/fields/class-acf-field-email.php
	deleted:    wp-content/plugins/advanced-custom-fields/includes/fields/class-acf-field-file.php
	deleted:    wp-content/plugins/advanced-custom-fields/includes/fields/class-acf-field-google-map.php
	deleted:    wp-content/plugins/advanced-custom-fields/includes/fields/class-acf-field-group.php
	deleted:    wp-content/plugins/advanced-custom-fields/includes/fields/class-acf-field-icon_picker.php
	deleted:    wp-content/plugins/advanced-custom-fields/includes/fields/class-acf-field-image.php
	deleted:    wp-content/plugins/advanced-custom-fields/includes/fields/class-acf-field-link.php
	deleted:    wp-content/plugins/advanced-custom-fields/includes/fields/class-acf-field-message.php
	deleted:    wp-content/plugins/advanced-custom-fields/includes/fields/class-acf-field-number.php
	deleted:    wp-content/plugins/advanced-custom-fields/includes/fields/class-acf-field-oembed.php
	deleted:    wp-content/plugins/advanced-custom-fields/includes/fields/class-acf-field-output.php
	deleted:    wp-content/plugins/advanced-custom-fields/includes/fields/class-acf-field-page_link.php
	deleted:    wp-content/plugins/advanced-custom-fields/includes/fields/class-acf-field-password.php
	deleted:    wp-content/plugins/advanced-custom-fields/includes/fields/class-acf-field-post_object.php
	deleted:    wp-content/plugins/advanced-custom-fields/includes/fields/class-acf-field-radio.php
	deleted:    wp-content/plugins/advanced-custom-fields/includes/fields/class-acf-field-range.php
	deleted:    wp-content/plugins/advanced-custom-fields/includes/fields/class-acf-field-relationship.php
	deleted:    wp-content/plugins/advanced-custom-fields/includes/fields/class-acf-field-select.php
	deleted:    wp-content/plugins/advanced-custom-fields/includes/fields/class-acf-field-separator.php
	deleted:    wp-content/plugins/advanced-custom-fields/includes/fields/class-acf-field-tab.php
	deleted:    wp-content/plugins/advanced-custom-fields/includes/fields/class-acf-field-taxonomy.php
	deleted:    wp-content/plugins/advanced-custom-fields/includes/fields/class-acf-field-text.php
	deleted:    wp-content/plugins/advanced-custom-fields/includes/fields/class-acf-field-textarea.php
	deleted:    wp-content/plugins/advanced-custom-fields/includes/fields/class-acf-field-time_picker.php
	deleted:    wp-content/plugins/advanced-custom-fields/includes/fields/class-acf-field-true_false.php
	deleted:    wp-content/plugins/advanced-custom-fields/includes/fields/class-acf-field-url.php
	deleted:    wp-content/plugins/advanced-custom-fields/includes/fields/class-acf-field-user.php
	deleted:    wp-content/plugins/advanced-custom-fields/includes/fields/class-acf-field-wysiwyg.php
	deleted:    wp-content/plugins/advanced-custom-fields/includes/fields/class-acf-field.php
	deleted:    wp-content/plugins/advanced-custom-fields/includes/fields/index.php
	deleted:    wp-content/plugins/advanced-custom-fields/includes/forms/form-attachment.php
	deleted:    wp-content/plugins/advanced-custom-fields/includes/forms/form-comment.php
	deleted:    wp-content/plugins/advanced-custom-fields/includes/forms/form-customizer.php
	deleted:    wp-content/plugins/advanced-custom-fields/includes/forms/form-front.php
	deleted:    wp-content/plugins/advanced-custom-fields/includes/forms/form-gutenberg.php
	deleted:    wp-content/plugins/advanced-custom-fields/includes/forms/form-nav-menu.php
	deleted:    wp-content/plugins/advanced-custom-fields/includes/forms/form-post.php
	deleted:    wp-content/plugins/advanced-custom-fields/includes/forms/form-taxonomy.php
	deleted:    wp-content/plugins/advanced-custom-fields/includes/forms/form-user.php
	deleted:    wp-content/plugins/advanced-custom-fields/includes/forms/form-widget.php
	deleted:    wp-content/plugins/advanced-custom-fields/includes/forms/index.php
	deleted:    wp-content/plugins/advanced-custom-fields/includes/index.php
	deleted:    wp-content/plugins/advanced-custom-fields/includes/l10n.php
	deleted:    wp-content/plugins/advanced-custom-fields/includes/legacy/index.php
	deleted:    wp-content/plugins/advanced-custom-fields/includes/legacy/legacy-locations.php
	deleted:    wp-content/plugins/advanced-custom-fields/includes/local-fields.php
	deleted:    wp-content/plugins/advanced-custom-fields/includes/local-json.php
	deleted:    wp-content/plugins/advanced-custom-fields/includes/local-meta.php
	deleted:    wp-content/plugins/advanced-custom-fields/includes/locations.php
	deleted:    wp-content/plugins/advanced-custom-fields/includes/locations/abstract-acf-legacy-location.php
	deleted:    wp-content/plugins/advanced-custom-fields/includes/locations/abstract-acf-location.php
	deleted:    wp-content/plugins/advanced-custom-fields/includes/locations/class-acf-location-attachment.php
	deleted:    wp-content/plugins/advanced-custom-fields/includes/locations/class-acf-location-comment.php
	deleted:    wp-content/plugins/advanced-custom-fields/includes/locations/class-acf-location-current-user-role.php
	deleted:    wp-content/plugins/advanced-custom-fields/includes/locations/class-acf-location-current-user.php
	deleted:    wp-content/plugins/advanced-custom-fields/includes/locations/class-acf-location-nav-menu-item.php
	deleted:    wp-content/plugins/advanced-custom-fields/includes/locations/class-acf-location-nav-menu.php
	deleted:    wp-content/plugins/advanced-custom-fields/includes/locations/class-acf-location-page-parent.php
	deleted:    wp-content/plugins/advanced-custom-fields/includes/locations/class-acf-location-page-template.php
	deleted:    wp-content/plugins/advanced-custom-fields/includes/locations/class-acf-location-page-type.php
	deleted:    wp-content/plugins/advanced-custom-fields/includes/locations/class-acf-location-page.php
	deleted:    wp-content/plugins/advanced-custom-fields/includes/locations/class-acf-location-post-category.php
	deleted:    wp-content/plugins/advanced-custom-fields/includes/locations/class-acf-location-post-format.php
	deleted:    wp-content/plugins/advanced-custom-fields/includes/locations/class-acf-location-post-status.php
	deleted:    wp-content/plugins/advanced-custom-fields/includes/locations/class-acf-location-post-taxonomy.php
	deleted:    wp-content/plugins/advanced-custom-fields/includes/locations/class-acf-location-post-template.php
	deleted:    wp-content/plugins/advanced-custom-fields/includes/locations/class-acf-location-post-type.php
	deleted:    wp-content/plugins/advanced-custom-fields/includes/locations/class-acf-location-post.php
	deleted:    wp-content/plugins/advanced-custom-fields/includes/locations/class-acf-location-taxonomy.php
	deleted:    wp-content/plugins/advanced-custom-fields/includes/locations/class-acf-location-user-form.php
	deleted:    wp-content/plugins/advanced-custom-fields/includes/locations/class-acf-location-user-role.php
	deleted:    wp-content/plugins/advanced-custom-fields/includes/locations/class-acf-location-widget.php
	deleted:    wp-content/plugins/advanced-custom-fields/includes/locations/index.php
	deleted:    wp-content/plugins/advanced-custom-fields/includes/loop.php
	deleted:    wp-content/plugins/advanced-custom-fields/includes/media.php
	deleted:    wp-content/plugins/advanced-custom-fields/includes/post-types/class-acf-field-group.php
	deleted:    wp-content/plugins/advanced-custom-fields/includes/post-types/class-acf-post-type.php
	deleted:    wp-content/plugins/advanced-custom-fields/includes/post-types/class-acf-taxonomy.php
	deleted:    wp-content/plugins/advanced-custom-fields/includes/post-types/index.php
	deleted:    wp-content/plugins/advanced-custom-fields/includes/rest-api.php
	deleted:    wp-content/plugins/advanced-custom-fields/includes/rest-api/acf-rest-api-functions.php
	deleted:    wp-content/plugins/advanced-custom-fields/includes/rest-api/class-acf-rest-api.php
	deleted:    wp-content/plugins/advanced-custom-fields/includes/rest-api/class-acf-rest-embed-links.php
	deleted:    wp-content/plugins/advanced-custom-fields/includes/rest-api/class-acf-rest-request.php
	deleted:    wp-content/plugins/advanced-custom-fields/includes/rest-api/index.php
	deleted:    wp-content/plugins/advanced-custom-fields/includes/revisions.php
	deleted:    wp-content/plugins/advanced-custom-fields/includes/third-party.php
	deleted:    wp-content/plugins/advanced-custom-fields/includes/upgrades.php
	deleted:    wp-content/plugins/advanced-custom-fields/includes/validation.php
	deleted:    wp-content/plugins/advanced-custom-fields/includes/walkers/class-acf-walker-taxonomy-field.php
	deleted:    wp-content/plugins/advanced-custom-fields/includes/walkers/index.php
	deleted:    wp-content/plugins/advanced-custom-fields/includes/wpml.php
	deleted:    wp-content/plugins/advanced-custom-fields/index.php
	deleted:    wp-content/plugins/advanced-custom-fields/lang/acf-ar.l10n.php
	deleted:    wp-content/plugins/advanced-custom-fields/lang/acf-ar.mo
	deleted:    wp-content/plugins/advanced-custom-fields/lang/acf-ar.po
	deleted:    wp-content/plugins/advanced-custom-fields/lang/acf-bg_BG.l10n.php
	deleted:    wp-content/plugins/advanced-custom-fields/lang/acf-bg_BG.mo
	deleted:    wp-content/plugins/advanced-custom-fields/lang/acf-bg_BG.po
	deleted:    wp-content/plugins/advanced-custom-fields/lang/acf-ca.l10n.php
	deleted:    wp-content/plugins/advanced-custom-fields/lang/acf-ca.mo
	deleted:    wp-content/plugins/advanced-custom-fields/lang/acf-ca.po
	deleted:    wp-content/plugins/advanced-custom-fields/lang/acf-cs_CZ.l10n.php
	deleted:    wp-content/plugins/advanced-custom-fields/lang/acf-cs_CZ.mo
	deleted:    wp-content/plugins/advanced-custom-fields/lang/acf-cs_CZ.po
	deleted:    wp-content/plugins/advanced-custom-fields/lang/acf-da_DK.l10n.php
	deleted:    wp-content/plugins/advanced-custom-fields/lang/acf-da_DK.mo
	deleted:    wp-content/plugins/advanced-custom-fields/lang/acf-da_DK.po
	deleted:    wp-content/plugins/advanced-custom-fields/lang/acf-de_CH.l10n.php
	deleted:    wp-content/plugins/advanced-custom-fields/lang/acf-de_CH.mo
	deleted:    wp-content/plugins/advanced-custom-fields/lang/acf-de_CH.po
	deleted:    wp-content/plugins/advanced-custom-fields/lang/acf-de_DE.l10n.php
	deleted:    wp-content/plugins/advanced-custom-fields/lang/acf-de_DE.mo
	deleted:    wp-content/plugins/advanced-custom-fields/lang/acf-de_DE.po
	deleted:    wp-content/plugins/advanced-custom-fields/lang/acf-de_DE_formal.l10n.php
	deleted:    wp-content/plugins/advanced-custom-fields/lang/acf-de_DE_formal.mo
	deleted:    wp-content/plugins/advanced-custom-fields/lang/acf-de_DE_formal.po
	deleted:    wp-content/plugins/advanced-custom-fields/lang/acf-el.l10n.php
	deleted:    wp-content/plugins/advanced-custom-fields/lang/acf-el.mo
	deleted:    wp-content/plugins/advanced-custom-fields/lang/acf-el.po
	deleted:    wp-content/plugins/advanced-custom-fields/lang/acf-en_CA.l10n.php
	deleted:    wp-content/plugins/advanced-custom-fields/lang/acf-en_CA.mo
	deleted:    wp-content/plugins/advanced-custom-fields/lang/acf-en_CA.po
	deleted:    wp-content/plugins/advanced-custom-fields/lang/acf-en_GB.l10n.php
	deleted:    wp-content/plugins/advanced-custom-fields/lang/acf-en_GB.mo
	deleted:    wp-content/plugins/advanced-custom-fields/lang/acf-en_GB.po
	deleted:    wp-content/plugins/advanced-custom-fields/lang/acf-en_ZA.l10n.php
	deleted:    wp-content/plugins/advanced-custom-fields/lang/acf-en_ZA.mo
	deleted:    wp-content/plugins/advanced-custom-fields/lang/acf-en_ZA.po
	deleted:    wp-content/plugins/advanced-custom-fields/lang/acf-es_CL.l10n.php
	deleted:    wp-content/plugins/advanced-custom-fields/lang/acf-es_CL.mo
	deleted:    wp-content/plugins/advanced-custom-fields/lang/acf-es_CL.po
	deleted:    wp-content/plugins/advanced-custom-fields/lang/acf-es_CO.l10n.php
	deleted:    wp-content/plugins/advanced-custom-fields/lang/acf-es_CO.mo
	deleted:    wp-content/plugins/advanced-custom-fields/lang/acf-es_CO.po
	deleted:    wp-content/plugins/advanced-custom-fields/lang/acf-es_CR.l10n.php
	deleted:    wp-content/plugins/advanced-custom-fields/lang/acf-es_CR.mo
	deleted:    wp-content/plugins/advanced-custom-fields/lang/acf-es_CR.po
	deleted:    wp-content/plugins/advanced-custom-fields/lang/acf-es_EC.l10n.php
	deleted:    wp-content/plugins/advanced-custom-fields/lang/acf-es_EC.mo
	deleted:    wp-content/plugins/advanced-custom-fields/lang/acf-es_EC.po
	deleted:    wp-content/plugins/advanced-custom-fields/lang/acf-es_ES.l10n.php
	deleted:    wp-content/plugins/advanced-custom-fields/lang/acf-es_ES.mo
	deleted:    wp-content/plugins/advanced-custom-fields/lang/acf-es_ES.po
	deleted:    wp-content/plugins/advanced-custom-fields/lang/acf-es_MX.l10n.php
	deleted:    wp-content/plugins/advanced-custom-fields/lang/acf-es_MX.mo
	deleted:    wp-content/plugins/advanced-custom-fields/lang/acf-es_MX.po
	deleted:    wp-content/plugins/advanced-custom-fields/lang/acf-es_VE.l10n.php
	deleted:    wp-content/plugins/advanced-custom-fields/lang/acf-es_VE.mo
	deleted:    wp-content/plugins/advanced-custom-fields/lang/acf-es_VE.po
	deleted:    wp-content/plugins/advanced-custom-fields/lang/acf-fa_AF.l10n.php
	deleted:    wp-content/plugins/advanced-custom-fields/lang/acf-fa_AF.mo
	deleted:    wp-content/plugins/advanced-custom-fields/lang/acf-fa_AF.po
	deleted:    wp-content/plugins/advanced-custom-fields/lang/acf-fa_IR.l10n.php
	deleted:    wp-content/plugins/advanced-custom-fields/lang/acf-fa_IR.mo
	deleted:    wp-content/plugins/advanced-custom-fields/lang/acf-fa_IR.po
	deleted:    wp-content/plugins/advanced-custom-fields/lang/acf-fi.l10n.php
	deleted:    wp-content/plugins/advanced-custom-fields/lang/acf-fi.mo
	deleted:    wp-content/plugins/advanced-custom-fields/lang/acf-fi.po
	deleted:    wp-content/plugins/advanced-custom-fields/lang/acf-fr_CA.l10n.php
	deleted:    wp-content/plugins/advanced-custom-fields/lang/acf-fr_CA.mo
	deleted:    wp-content/plugins/advanced-custom-fields/lang/acf-fr_CA.po
	deleted:    wp-content/plugins/advanced-custom-fields/lang/acf-fr_FR.l10n.php
	deleted:    wp-content/plugins/advanced-custom-fields/lang/acf-fr_FR.mo
	deleted:    wp-content/plugins/advanced-custom-fields/lang/acf-fr_FR.po
	deleted:    wp-content/plugins/advanced-custom-fields/lang/acf-gl_ES.l10n.php
	deleted:    wp-content/plugins/advanced-custom-fields/lang/acf-gl_ES.mo
	deleted:    wp-content/plugins/advanced-custom-fields/lang/acf-gl_ES.po
	deleted:    wp-content/plugins/advanced-custom-fields/lang/acf-gu.l10n.php
	deleted:    wp-content/plugins/advanced-custom-fields/lang/acf-gu.mo
	deleted:    wp-content/plugins/advanced-custom-fields/lang/acf-gu.po
	deleted:    wp-content/plugins/advanced-custom-fields/lang/acf-he_IL.l10n.php
	deleted:    wp-content/plugins/advanced-custom-fields/lang/acf-he_IL.mo
	deleted:    wp-content/plugins/advanced-custom-fields/lang/acf-he_IL.po
	deleted:    wp-content/plugins/advanced-custom-fields/lang/acf-hr.l10n.php
	deleted:    wp-content/plugins/advanced-custom-fields/lang/acf-hr.mo
	deleted:    wp-content/plugins/advanced-custom-fields/lang/acf-hr.po
	deleted:    wp-content/plugins/advanced-custom-fields/lang/acf-hu_HU.l10n.php
	deleted:    wp-content/plugins/advanced-custom-fields/lang/acf-hu_HU.mo
	deleted:    wp-content/plugins/advanced-custom-fields/lang/acf-hu_HU.po
	deleted:    wp-content/plugins/advanced-custom-fields/lang/acf-id_ID.l10n.php
	deleted:    wp-content/plugins/advanced-custom-fields/lang/acf-id_ID.mo
	deleted:    wp-content/plugins/advanced-custom-fields/lang/acf-id_ID.po
	deleted:    wp-content/plugins/advanced-custom-fields/lang/acf-it_IT.l10n.php
	deleted:    wp-content/plugins/advanced-custom-fields/lang/acf-it_IT.mo
	deleted:    wp-content/plugins/advanced-custom-fields/lang/acf-it_IT.po
	deleted:    wp-content/plugins/advanced-custom-fields/lang/acf-ja.l10n.php
	deleted:    wp-content/plugins/advanced-custom-fields/lang/acf-ja.mo
	deleted:    wp-content/plugins/advanced-custom-fields/lang/acf-ja.po
	deleted:    wp-content/plugins/advanced-custom-fields/lang/acf-ko_KR.l10n.php
	deleted:    wp-content/plugins/advanced-custom-fields/lang/acf-ko_KR.mo
	deleted:    wp-content/plugins/advanced-custom-fields/lang/acf-ko_KR.po
	deleted:    wp-content/plugins/advanced-custom-fields/lang/acf-nb_NO.l10n.php
	deleted:    wp-content/plugins/advanced-custom-fields/lang/acf-nb_NO.mo
	deleted:    wp-content/plugins/advanced-custom-fields/lang/acf-nb_NO.po
	deleted:    wp-content/plugins/advanced-custom-fields/lang/acf-nl_BE.l10n.php
	deleted:    wp-content/plugins/advanced-custom-fields/lang/acf-nl_BE.mo
	deleted:    wp-content/plugins/advanced-custom-fields/lang/acf-nl_BE.po
	deleted:    wp-content/plugins/advanced-custom-fields/lang/acf-nl_NL.l10n.php
	deleted:    wp-content/plugins/advanced-custom-fields/lang/acf-nl_NL.mo
	deleted:    wp-content/plugins/advanced-custom-fields/lang/acf-nl_NL.po
	deleted:    wp-content/plugins/advanced-custom-fields/lang/acf-nl_NL_formal.l10n.php
	deleted:    wp-content/plugins/advanced-custom-fields/lang/acf-nl_NL_formal.mo
	deleted:    wp-content/plugins/advanced-custom-fields/lang/acf-nl_NL_formal.po
	deleted:    wp-content/plugins/advanced-custom-fields/lang/acf-pl_PL.l10n.php
	deleted:    wp-content/plugins/advanced-custom-fields/lang/acf-pl_PL.mo
	deleted:    wp-content/plugins/advanced-custom-fields/lang/acf-pl_PL.po
	deleted:    wp-content/plugins/advanced-custom-fields/lang/acf-pt_AO.l10n.php
	deleted:    wp-content/plugins/advanced-custom-fields/lang/acf-pt_AO.mo
	deleted:    wp-content/plugins/advanced-custom-fields/lang/acf-pt_AO.po
	deleted:    wp-content/plugins/advanced-custom-fields/lang/acf-pt_BR.l10n.php
	deleted:    wp-content/plugins/advanced-custom-fields/lang/acf-pt_BR.mo
	deleted:    wp-content/plugins/advanced-custom-fields/lang/acf-pt_BR.po
	deleted:    wp-content/plugins/advanced-custom-fields/lang/acf-pt_PT.l10n.php
	deleted:    wp-content/plugins/advanced-custom-fields/lang/acf-pt_PT.mo
	deleted:    wp-content/plugins/advanced-custom-fields/lang/acf-pt_PT.po
	deleted:    wp-content/plugins/advanced-custom-fields/lang/acf-ro_RO.l10n.php
	deleted:    wp-content/plugins/advanced-custom-fields/lang/acf-ro_RO.mo
	deleted:    wp-content/plugins/advanced-custom-fields/lang/acf-ro_RO.po
	deleted:    wp-content/plugins/advanced-custom-fields/lang/acf-ru_RU.l10n.php
	deleted:    wp-content/plugins/advanced-custom-fields/lang/acf-ru_RU.mo
	deleted:    wp-content/plugins/advanced-custom-fields/lang/acf-ru_RU.po
	deleted:    wp-content/plugins/advanced-custom-fields/lang/acf-sk_SK.l10n.php
	deleted:    wp-content/plugins/advanced-custom-fields/lang/acf-sk_SK.mo
	deleted:    wp-content/plugins/advanced-custom-fields/lang/acf-sk_SK.po
	deleted:    wp-content/plugins/advanced-custom-fields/lang/acf-sv_SE.l10n.php
	deleted:    wp-content/plugins/advanced-custom-fields/lang/acf-sv_SE.mo
	deleted:    wp-content/plugins/advanced-custom-fields/lang/acf-sv_SE.po
	deleted:    wp-content/plugins/advanced-custom-fields/lang/acf-tr_TR.l10n.php
	deleted:    wp-content/plugins/advanced-custom-fields/lang/acf-tr_TR.mo
	deleted:    wp-content/plugins/advanced-custom-fields/lang/acf-tr_TR.po
	deleted:    wp-content/plugins/advanced-custom-fields/lang/acf-uk.l10n.php
	deleted:    wp-content/plugins/advanced-custom-fields/lang/acf-uk.mo
	deleted:    wp-content/plugins/advanced-custom-fields/lang/acf-uk.po
	deleted:    wp-content/plugins/advanced-custom-fields/lang/acf-vi.l10n.php
	deleted:    wp-content/plugins/advanced-custom-fields/lang/acf-vi.mo
	deleted:    wp-content/plugins/advanced-custom-fields/lang/acf-vi.po
	deleted:    wp-content/plugins/advanced-custom-fields/lang/acf-zh_CN.l10n.php
	deleted:    wp-content/plugins/advanced-custom-fields/lang/acf-zh_CN.mo
	deleted:    wp-content/plugins/advanced-custom-fields/lang/acf-zh_CN.po
	deleted:    wp-content/plugins/advanced-custom-fields/lang/acf-zh_TW.l10n.php
	deleted:    wp-content/plugins/advanced-custom-fields/lang/acf-zh_TW.mo
	deleted:    wp-content/plugins/advanced-custom-fields/lang/acf-zh_TW.po
	deleted:    wp-content/plugins/advanced-custom-fields/lang/index.php
	deleted:    wp-content/plugins/advanced-custom-fields/readme.txt
	modified:   wp-content/plugins/elementor/assets/css/admin-bar.css
	modified:   wp-content/plugins/elementor/assets/css/admin-bar.min.css
	modified:   wp-content/plugins/elementor/assets/css/admin-rtl.css
	modified:   wp-content/plugins/elementor/assets/css/admin-rtl.min.css
	modified:   wp-content/plugins/elementor/assets/css/admin-top-bar-rtl.css
	modified:   wp-content/plugins/elementor/assets/css/admin-top-bar-rtl.min.css
	modified:   wp-content/plugins/elementor/assets/css/admin-top-bar.css
	modified:   wp-content/plugins/elementor/assets/css/admin-top-bar.min.css
	modified:   wp-content/plugins/elementor/assets/css/admin.css
	modified:   wp-content/plugins/elementor/assets/css/admin.min.css
	modified:   wp-content/plugins/elementor/assets/css/app-base-rtl.css
	modified:   wp-content/plugins/elementor/assets/css/app-base-rtl.min.css
	modified:   wp-content/plugins/elementor/assets/css/app-base.css
	modified:   wp-content/plugins/elementor/assets/css/app-base.min.css
	modified:   wp-content/plugins/elementor/assets/css/app-rtl.css
	modified:   wp-content/plugins/elementor/assets/css/app-rtl.min.css
	modified:   wp-content/plugins/elementor/assets/css/app.css
	modified:   wp-content/plugins/elementor/assets/css/app.min.css
	modified:   wp-content/plugins/elementor/assets/css/common-rtl.css
	modified:   wp-content/plugins/elementor/assets/css/common-rtl.min.css
	modified:   wp-content/plugins/elementor/assets/css/common.css
	modified:   wp-content/plugins/elementor/assets/css/common.min.css
	modified:   wp-content/plugins/elementor/assets/css/div-block.css
	modified:   wp-content/plugins/elementor/assets/css/div-block.min.css
	modified:   wp-content/plugins/elementor/assets/css/editor-preview-rtl.css
	modified:   wp-content/plugins/elementor/assets/css/editor-preview-rtl.min.css
	modified:   wp-content/plugins/elementor/assets/css/editor-preview.css
	modified:   wp-content/plugins/elementor/assets/css/editor-preview.min.css
	modified:   wp-content/plugins/elementor/assets/css/editor-rtl.css
	modified:   wp-content/plugins/elementor/assets/css/editor-rtl.min.css
	modified:   wp-content/plugins/elementor/assets/css/editor-v2-app-bar-overrides.css
	modified:   wp-content/plugins/elementor/assets/css/editor-v2-app-bar-overrides.min.css
	modified:   wp-content/plugins/elementor/assets/css/editor.css
	modified:   wp-content/plugins/elementor/assets/css/editor.min.css
	modified:   wp-content/plugins/elementor/assets/css/frontend-rtl.css
	modified:   wp-content/plugins/elementor/assets/css/frontend-rtl.min.css
	modified:   wp-content/plugins/elementor/assets/css/frontend.css
	modified:   wp-content/plugins/elementor/assets/css/frontend.min.css
	modified:   wp-content/plugins/elementor/assets/css/responsive-bar.css
	modified:   wp-content/plugins/elementor/assets/css/responsive-bar.min.css
	modified:   wp-content/plugins/elementor/assets/css/theme-dark.css
	modified:   wp-content/plugins/elementor/assets/css/theme-dark.min.css
	modified:   wp-content/plugins/elementor/assets/css/theme-light.css
	modified:   wp-content/plugins/elementor/assets/css/theme-light.min.css
	modified:   wp-content/plugins/elementor/assets/css/widget-accordion-rtl.min.css
	modified:   wp-content/plugins/elementor/assets/css/widget-accordion.min.css
	modified:   wp-content/plugins/elementor/assets/css/widget-alert-rtl.min.css
	modified:   wp-content/plugins/elementor/assets/css/widget-alert.min.css
	modified:   wp-content/plugins/elementor/assets/css/widget-contact-buttons-base-rtl.min.css
	modified:   wp-content/plugins/elementor/assets/css/widget-contact-buttons-base.min.css
	modified:   wp-content/plugins/elementor/assets/css/widget-contact-buttons-var-1-rtl.min.css
	modified:   wp-content/plugins/elementor/assets/css/widget-contact-buttons-var-1.min.css
	modified:   wp-content/plugins/elementor/assets/css/widget-contact-buttons-var-10-rtl.min.css
	modified:   wp-content/plugins/elementor/assets/css/widget-contact-buttons-var-10.min.css
	modified:   wp-content/plugins/elementor/assets/css/widget-contact-buttons-var-3-rtl.min.css
	modified:   wp-content/plugins/elementor/assets/css/widget-contact-buttons-var-3.min.css
	modified:   wp-content/plugins/elementor/assets/css/widget-contact-buttons-var-4-rtl.min.css
	modified:   wp-content/plugins/elementor/assets/css/widget-contact-buttons-var-4.min.css
	modified:   wp-content/plugins/elementor/assets/css/widget-contact-buttons-var-6-rtl.min.css
	modified:   wp-content/plugins/elementor/assets/css/widget-contact-buttons-var-6.min.css
	modified:   wp-content/plugins/elementor/assets/css/widget-contact-buttons-var-7-rtl.min.css
	modified:   wp-content/plugins/elementor/assets/css/widget-contact-buttons-var-7.min.css
	modified:   wp-content/plugins/elementor/assets/css/widget-contact-buttons-var-8-rtl.min.css
	modified:   wp-content/plugins/elementor/assets/css/widget-contact-buttons-var-8.min.css
	modified:   wp-content/plugins/elementor/assets/css/widget-contact-buttons-var-9-rtl.min.css
	modified:   wp-content/plugins/elementor/assets/css/widget-contact-buttons-var-9.min.css
	modified:   wp-content/plugins/elementor/assets/css/widget-contact-buttons-vars-rtl.min.css
	modified:   wp-content/plugins/elementor/assets/css/widget-contact-buttons-vars.min.css
	modified:   wp-content/plugins/elementor/assets/css/widget-counter-rtl.min.css
	modified:   wp-content/plugins/elementor/assets/css/widget-counter.min.css
	modified:   wp-content/plugins/elementor/assets/css/widget-divider-rtl.min.css
	modified:   wp-content/plugins/elementor/assets/css/widget-divider.min.css
	modified:   wp-content/plugins/elementor/assets/css/widget-floating-bars-base-rtl.min.css
	modified:   wp-content/plugins/elementor/assets/css/widget-floating-bars-base.min.css
	modified:   wp-content/plugins/elementor/assets/css/widget-floating-bars-var-2-rtl.min.css
	modified:   wp-content/plugins/elementor/assets/css/widget-floating-bars-var-2.min.css
	modified:   wp-content/plugins/elementor/assets/css/widget-floating-bars-var-3-rtl.min.css
	modified:   wp-content/plugins/elementor/assets/css/widget-floating-bars-var-3.min.css
	modified:   wp-content/plugins/elementor/assets/css/widget-floating-bars-vars-rtl.min.css
	modified:   wp-content/plugins/elementor/assets/css/widget-floating-bars-vars.min.css
	modified:   wp-content/plugins/elementor/assets/css/widget-floating-buttons-rtl.min.css
	modified:   wp-content/plugins/elementor/assets/css/widget-floating-buttons.min.css
	modified:   wp-content/plugins/elementor/assets/css/widget-google_maps-rtl.min.css
	modified:   wp-content/plugins/elementor/assets/css/widget-google_maps.min.css
	modified:   wp-content/plugins/elementor/assets/css/widget-heading-rtl.min.css
	modified:   wp-content/plugins/elementor/assets/css/widget-heading.min.css
	modified:   wp-content/plugins/elementor/assets/css/widget-icon-box-rtl.min.css
	modified:   wp-content/plugins/elementor/assets/css/widget-icon-box.min.css
	modified:   wp-content/plugins/elementor/assets/css/widget-icon-list-rtl.min.css
	modified:   wp-content/plugins/elementor/assets/css/widget-icon-list.min.css
	modified:   wp-content/plugins/elementor/assets/css/widget-image-box-rtl.min.css
	modified:   wp-content/plugins/elementor/assets/css/widget-image-box.min.css
	modified:   wp-content/plugins/elementor/assets/css/widget-image-carousel-rtl.min.css
	modified:   wp-content/plugins/elementor/assets/css/widget-image-carousel.min.css
	modified:   wp-content/plugins/elementor/assets/css/widget-image-gallery-rtl.min.css
	modified:   wp-content/plugins/elementor/assets/css/widget-image-gallery.min.css
	modified:   wp-content/plugins/elementor/assets/css/widget-image-rtl.min.css
	modified:   wp-content/plugins/elementor/assets/css/widget-image.min.css
	modified:   wp-content/plugins/elementor/assets/css/widget-link-in-bio-base-rtl.min.css
	modified:   wp-content/plugins/elementor/assets/css/widget-link-in-bio-base.min.css
	modified:   wp-content/plugins/elementor/assets/css/widget-link-in-bio-rtl.min.css
	modified:   wp-content/plugins/elementor/assets/css/widget-link-in-bio-var-2-rtl.min.css
	modified:   wp-content/plugins/elementor/assets/css/widget-link-in-bio-var-2.min.css
	modified:   wp-content/plugins/elementor/assets/css/widget-link-in-bio-var-3-rtl.min.css
	modified:   wp-content/plugins/elementor/assets/css/widget-link-in-bio-var-3.min.css
	modified:   wp-content/plugins/elementor/assets/css/widget-link-in-bio-var-4-rtl.min.css
	modified:   wp-content/plugins/elementor/assets/css/widget-link-in-bio-var-4.min.css
	modified:   wp-content/plugins/elementor/assets/css/widget-link-in-bio-var-5-rtl.min.css
	modified:   wp-content/plugins/elementor/assets/css/widget-link-in-bio-var-5.min.css
	modified:   wp-content/plugins/elementor/assets/css/widget-link-in-bio-var-7-rtl.min.css
	modified:   wp-content/plugins/elementor/assets/css/widget-link-in-bio-var-7.min.css
	modified:   wp-content/plugins/elementor/assets/css/widget-link-in-bio-vars-rtl.min.css
	modified:   wp-content/plugins/elementor/assets/css/widget-link-in-bio-vars.min.css
	modified:   wp-content/plugins/elementor/assets/css/widget-link-in-bio.min.css
	modified:   wp-content/plugins/elementor/assets/css/widget-menu-anchor-rtl.min.css
	modified:   wp-content/plugins/elementor/assets/css/widget-menu-anchor.min.css
	modified:   wp-content/plugins/elementor/assets/css/widget-nested-accordion-rtl.min.css
	modified:   wp-content/plugins/elementor/assets/css/widget-nested-accordion.min.css
	modified:   wp-content/plugins/elementor/assets/css/widget-nested-tabs-rtl.min.css
	modified:   wp-content/plugins/elementor/assets/css/widget-nested-tabs.min.css
	modified:   wp-content/plugins/elementor/assets/css/widget-progress-rtl.min.css
	modified:   wp-content/plugins/elementor/assets/css/widget-progress.min.css
	modified:   wp-content/plugins/elementor/assets/css/widget-rating-rtl.min.css
	modified:   wp-content/plugins/elementor/assets/css/widget-rating.min.css
	modified:   wp-content/plugins/elementor/assets/css/widget-social-icons-rtl.min.css
	modified:   wp-content/plugins/elementor/assets/css/widget-social-icons.min.css
	modified:   wp-content/plugins/elementor/assets/css/widget-spacer-rtl.min.css
	modified:   wp-content/plugins/elementor/assets/css/widget-spacer.min.css
	modified:   wp-content/plugins/elementor/assets/css/widget-star-rating-rtl.min.css
	modified:   wp-content/plugins/elementor/assets/css/widget-star-rating.min.css
	modified:   wp-content/plugins/elementor/assets/css/widget-tabs-rtl.min.css
	modified:   wp-content/plugins/elementor/assets/css/widget-tabs.min.css
	modified:   wp-content/plugins/elementor/assets/css/widget-testimonial-rtl.min.css
	modified:   wp-content/plugins/elementor/assets/css/widget-testimonial.min.css
	modified:   wp-content/plugins/elementor/assets/css/widget-text-editor-rtl.min.css
	modified:   wp-content/plugins/elementor/assets/css/widget-text-editor.min.css
	modified:   wp-content/plugins/elementor/assets/css/widget-text-path-rtl.min.css
	modified:   wp-content/plugins/elementor/assets/css/widget-text-path.min.css
	modified:   wp-content/plugins/elementor/assets/css/widget-toggle-rtl.min.css
	modified:   wp-content/plugins/elementor/assets/css/widget-toggle.min.css
	modified:   wp-content/plugins/elementor/assets/css/widget-video-rtl.min.css
	modified:   wp-content/plugins/elementor/assets/css/widget-video.min.css
	modified:   wp-content/plugins/elementor/assets/js/025905cd015671d0a830.bundle.min.js
	modified:   wp-content/plugins/elementor/assets/js/056b8f3bbbcabf026cd1.bundle.js
	modified:   wp-content/plugins/elementor/assets/js/0d1a75a41cae2a76432a.bundle.js
	modified:   wp-content/plugins/elementor/assets/js/0f7962315cd2e100f80e.bundle.min.js
	modified:   wp-content/plugins/elementor/assets/js/2e387c4154cbf63565b2.bundle.min.js
	modified:   wp-content/plugins/elementor/assets/js/3ac06e8b9c2e8f04c57d.bundle.min.js
	modified:   wp-content/plugins/elementor/assets/js/4573680c5d8b9b2d9f17.bundle.min.js
	modified:   wp-content/plugins/elementor/assets/js/513d3f05d575dabcdc35.bundle.js
	modified:   wp-content/plugins/elementor/assets/js/56a155a8adcef506ce8a.bundle.js
	modified:   wp-content/plugins/elementor/assets/js/5b6ef966b71e5cf670d8.bundle.min.js
	modified:   wp-content/plugins/elementor/assets/js/947434f8f98ed29acc17.bundle.js
	modified:   wp-content/plugins/elementor/assets/js/accordion.36aa4c8c4eba17bc8e03.bundle.min.js
	modified:   wp-content/plugins/elementor/assets/js/accordion.7b5b5744bdd225280eca.bundle.js
	modified:   wp-content/plugins/elementor/assets/js/adbbe9b5d6b520e98e4c.bundle.js
	modified:   wp-content/plugins/elementor/assets/js/admin-feedback.js
	modified:   wp-content/plugins/elementor/assets/js/admin-feedback.min.js
	modified:   wp-content/plugins/elementor/assets/js/admin-modules.js
	modified:   wp-content/plugins/elementor/assets/js/admin-modules.min.js
	modified:   wp-content/plugins/elementor/assets/js/admin-notifications.js
	modified:   wp-content/plugins/elementor/assets/js/admin-notifications.min.js
	modified:   wp-content/plugins/elementor/assets/js/admin-top-bar.js
	modified:   wp-content/plugins/elementor/assets/js/admin-top-bar.min.js
	modified:   wp-content/plugins/elementor/assets/js/admin.js
	modified:   wp-content/plugins/elementor/assets/js/admin.min.js
	modified:   wp-content/plugins/elementor/assets/js/ai-admin.js
	modified:   wp-content/plugins/elementor/assets/js/ai-admin.min.js
	modified:   wp-content/plugins/elementor/assets/js/ai-gutenberg.js
	modified:   wp-content/plugins/elementor/assets/js/ai-gutenberg.min.js
	modified:   wp-content/plugins/elementor/assets/js/ai-layout.js
	modified:   wp-content/plugins/elementor/assets/js/ai-layout.min.js
	modified:   wp-content/plugins/elementor/assets/js/ai-media-library.js
	modified:   wp-content/plugins/elementor/assets/js/ai-media-library.min.js
	modified:   wp-content/plugins/elementor/assets/js/ai-unify-product-images.js
	modified:   wp-content/plugins/elementor/assets/js/ai-unify-product-images.min.js
	modified:   wp-content/plugins/elementor/assets/js/ai.js
	modified:   wp-content/plugins/elementor/assets/js/ai.min.js
	modified:   wp-content/plugins/elementor/assets/js/alert.42cc1d522ef5c60bf874.bundle.min.js
	modified:   wp-content/plugins/elementor/assets/js/alert.b696182ec6f18a35bc69.bundle.js
	modified:   wp-content/plugins/elementor/assets/js/announcements-app.js
	modified:   wp-content/plugins/elementor/assets/js/announcements-app.min.js
	modified:   wp-content/plugins/elementor/assets/js/app-loader.js
	modified:   wp-content/plugins/elementor/assets/js/app-loader.min.js
	modified:   wp-content/plugins/elementor/assets/js/app-packages.js
	modified:   wp-content/plugins/elementor/assets/js/app-packages.min.js
	modified:   wp-content/plugins/elementor/assets/js/app.js
	modified:   wp-content/plugins/elementor/assets/js/app.min.js
	modified:   wp-content/plugins/elementor/assets/js/atomic-widgets-editor.js
	modified:   wp-content/plugins/elementor/assets/js/atomic-widgets-editor.min.js
	modified:   wp-content/plugins/elementor/assets/js/beta-tester.js
	modified:   wp-content/plugins/elementor/assets/js/beta-tester.min.js
	modified:   wp-content/plugins/elementor/assets/js/c4dcba54ff9219690f00.bundle.min.js
	modified:   wp-content/plugins/elementor/assets/js/cf70912a0f34653ad242.bundle.js
	modified:   wp-content/plugins/elementor/assets/js/checklist.js
	modified:   wp-content/plugins/elementor/assets/js/checklist.min.js
	modified:   wp-content/plugins/elementor/assets/js/common-modules.js
	modified:   wp-content/plugins/elementor/assets/js/common-modules.min.js
	modified:   wp-content/plugins/elementor/assets/js/common.js
	modified:   wp-content/plugins/elementor/assets/js/common.min.js
	modified:   wp-content/plugins/elementor/assets/js/contact-buttons.7c9983ed0d4964b951c2.bundle.min.js
	modified:   wp-content/plugins/elementor/assets/js/contact-buttons.c21325756a91b795f8e4.bundle.js
	modified:   wp-content/plugins/elementor/assets/js/container-converter.js
	modified:   wp-content/plugins/elementor/assets/js/container-converter.min.js
	modified:   wp-content/plugins/elementor/assets/js/container.0754914e4611dc659a50.bundle.min.js
	modified:   wp-content/plugins/elementor/assets/js/container.cb1e834c5aad68e9c908.bundle.js
	modified:   wp-content/plugins/elementor/assets/js/counter.12335f45aaa79d244f24.bundle.min.js
	modified:   wp-content/plugins/elementor/assets/js/counter.f359dee9199f5aad06c6.bundle.js
	modified:   wp-content/plugins/elementor/assets/js/dev-tools.js
	modified:   wp-content/plugins/elementor/assets/js/dev-tools.min.js
	modified:   wp-content/plugins/elementor/assets/js/e-home-screen.js
	modified:   wp-content/plugins/elementor/assets/js/e-home-screen.min.js
	modified:   wp-content/plugins/elementor/assets/js/e-react-promotions.js
	modified:   wp-content/plugins/elementor/assets/js/e-react-promotions.min.js
	modified:   wp-content/plugins/elementor/assets/js/e-wc-product-editor.js
	modified:   wp-content/plugins/elementor/assets/js/e-wc-product-editor.min.js
	modified:   wp-content/plugins/elementor/assets/js/e5d6feb1b1d6cf52126f.bundle.js
	modified:   wp-content/plugins/elementor/assets/js/editor-document.js
	modified:   wp-content/plugins/elementor/assets/js/editor-document.min.js
	modified:   wp-content/plugins/elementor/assets/js/editor-environment-v2.js
	modified:   wp-content/plugins/elementor/assets/js/editor-environment-v2.min.js
	modified:   wp-content/plugins/elementor/assets/js/editor-loader-v1.js
	modified:   wp-content/plugins/elementor/assets/js/editor-loader-v1.min.js
	modified:   wp-content/plugins/elementor/assets/js/editor-loader-v2.js
	modified:   wp-content/plugins/elementor/assets/js/editor-loader-v2.min.js
	modified:   wp-content/plugins/elementor/assets/js/editor-modules.js
	modified:   wp-content/plugins/elementor/assets/js/editor-modules.min.js
	modified:   wp-content/plugins/elementor/assets/js/editor-notifications.js
	modified:   wp-content/plugins/elementor/assets/js/editor-notifications.min.js
	modified:   wp-content/plugins/elementor/assets/js/editor.js
	modified:   wp-content/plugins/elementor/assets/js/editor.min.js
	modified:   wp-content/plugins/elementor/assets/js/element-manager-admin.js
	modified:   wp-content/plugins/elementor/assets/js/element-manager-admin.min.js
	modified:   wp-content/plugins/elementor/assets/js/elementor-admin-bar.js
	modified:   wp-content/plugins/elementor/assets/js/elementor-admin-bar.min.js
	modified:   wp-content/plugins/elementor/assets/js/floating-bars.7efeeb8b098e55999ff1.bundle.js
	modified:   wp-content/plugins/elementor/assets/js/floating-bars.c1e9838906b386709cd4.bundle.min.js
	modified:   wp-content/plugins/elementor/assets/js/floating-elements-modal.js
	modified:   wp-content/plugins/elementor/assets/js/floating-elements-modal.min.js
	modified:   wp-content/plugins/elementor/assets/js/frontend-modules.js
	modified:   wp-content/plugins/elementor/assets/js/frontend-modules.min.js
	modified:   wp-content/plugins/elementor/assets/js/frontend.js
	modified:   wp-content/plugins/elementor/assets/js/frontend.min.js
	modified:   wp-content/plugins/elementor/assets/js/gutenberg.js
	modified:   wp-content/plugins/elementor/assets/js/gutenberg.min.js
	modified:   wp-content/plugins/elementor/assets/js/image-carousel.1a3e0c6222562304eed5.bundle.js
	modified:   wp-content/plugins/elementor/assets/js/image-carousel.6167d20b95b33386757b.bundle.min.js
	modified:   wp-content/plugins/elementor/assets/js/import-export-admin.js
	modified:   wp-content/plugins/elementor/assets/js/import-export-admin.min.js
	modified:   wp-content/plugins/elementor/assets/js/kit-elements-defaults-editor.js
	modified:   wp-content/plugins/elementor/assets/js/kit-elements-defaults-editor.min.js
	modified:   wp-content/plugins/elementor/assets/js/kit-library.09cb71ec3fbb128f4e25.bundle.min.js
	modified:   wp-content/plugins/elementor/assets/js/kit-library.b0f0ab89c95fe1f6fde3.bundle.js
	modified:   wp-content/plugins/elementor/assets/js/lightbox.74688eb10c7852662847.bundle.js
	modified:   wp-content/plugins/elementor/assets/js/lightbox.f3fa607b705962362647.bundle.min.js
	modified:   wp-content/plugins/elementor/assets/js/media-hints.js
	modified:   wp-content/plugins/elementor/assets/js/media-hints.min.js
	modified:   wp-content/plugins/elementor/assets/js/nested-accordion.a0f28ea648b29da812a1.bundle.js
	modified:   wp-content/plugins/elementor/assets/js/nested-accordion.c546968f7aebebc356f2.bundle.min.js
	modified:   wp-content/plugins/elementor/assets/js/nested-accordion.js
	modified:   wp-content/plugins/elementor/assets/js/nested-accordion.min.js
	modified:   wp-content/plugins/elementor/assets/js/nested-elements.js
	modified:   wp-content/plugins/elementor/assets/js/nested-elements.min.js
	modified:   wp-content/plugins/elementor/assets/js/nested-tabs.js
	modified:   wp-content/plugins/elementor/assets/js/nested-tabs.min.js
	modified:   wp-content/plugins/elementor/assets/js/nested-title-keyboard-handler.967db65f6ba460c1f2e9.bundle.js
	modified:   wp-content/plugins/elementor/assets/js/nested-title-keyboard-handler.fc9d01c2cd0ef46d20fd.bundle.min.js
	modified:   wp-content/plugins/elementor/assets/js/new-template.js
	modified:   wp-content/plugins/elementor/assets/js/new-template.min.js
	modified:   wp-content/plugins/elementor/assets/js/notes.js
	modified:   wp-content/plugins/elementor/assets/js/notes.min.js
	modified:   wp-content/plugins/elementor/assets/js/onboarding.120a44527e5a7209a8e4.bundle.js
	modified:   wp-content/plugins/elementor/assets/js/onboarding.cb1850dab52d5cd9ce5b.bundle.min.js
	modified:   wp-content/plugins/elementor/assets/js/packages/editor-site-navigation/editor-site-navigation.strings.js
	modified:   wp-content/plugins/elementor/assets/js/progress.3200f67fe8fb78924bea.bundle.min.js
	modified:   wp-content/plugins/elementor/assets/js/progress.5d8492a023e85c6cc0e0.bundle.js
	modified:   wp-content/plugins/elementor/assets/js/responsive-bar.js
	modified:   wp-content/plugins/elementor/assets/js/responsive-bar.min.js
	modified:   wp-content/plugins/elementor/assets/js/styleguide-app-initiator.js
	modified:   wp-content/plugins/elementor/assets/js/styleguide-app-initiator.min.js
	modified:   wp-content/plugins/elementor/assets/js/styleguide-app.51d4579e75a5f39265bc.bundle.min.js
	modified:   wp-content/plugins/elementor/assets/js/styleguide-app.a6e297c616479b98c03d.bundle.js
	modified:   wp-content/plugins/elementor/assets/js/styleguide.js
	modified:   wp-content/plugins/elementor/assets/js/styleguide.min.js
	modified:   wp-content/plugins/elementor/assets/js/tabs.537e7a0f178447960143.bundle.min.js
	modified:   wp-content/plugins/elementor/assets/js/tabs.e808857358793ac13db5.bundle.js
	modified:   wp-content/plugins/elementor/assets/js/text-editor.bd4eccbd156d0b1fc3cf.bundle.js
	modified:   wp-content/plugins/elementor/assets/js/text-editor.c084ef86600b6f11690d.bundle.min.js
	modified:   wp-content/plugins/elementor/assets/js/text-path.5923566687faac82ea62.bundle.min.js
	modified:   wp-content/plugins/elementor/assets/js/text-path.acb8842ac7e1cd1dfb44.bundle.js
	modified:   wp-content/plugins/elementor/assets/js/toggle.375da8e2f6fed12731c2.bundle.js
	modified:   wp-content/plugins/elementor/assets/js/toggle.a6177e2e3c2bc8864bef.bundle.min.js
	modified:   wp-content/plugins/elementor/assets/js/video.4343afefd25b5ede51a4.bundle.min.js
	modified:   wp-content/plugins/elementor/assets/js/video.e031bfad2085ca92d445.bundle.js
	modified:   wp-content/plugins/elementor/assets/js/web-cli.js
	modified:   wp-content/plugins/elementor/assets/js/web-cli.min.js
	modified:   wp-content/plugins/elementor/assets/js/webpack.runtime.js
	modified:   wp-content/plugins/elementor/assets/js/webpack.runtime.min.js
	modified:   wp-content/plugins/elementor/assets/js/wp-audio.c91cab3152c3f241f266.bundle.js
	modified:   wp-content/plugins/elementor/assets/js/wp-audio.c9624cb6e5dc9de86abd.bundle.min.js
	modified:   wp-content/plugins/elementor/changelog.txt
	modified:   wp-content/plugins/elementor/core/common/modules/connect/module.php
	modified:   wp-content/plugins/elementor/elementor.php
	modified:   wp-content/plugins/elementor/includes/controls/dimensions.php
	modified:   wp-content/plugins/elementor/modules/home/classes/transformations-manager.php
	deleted:    wp-content/plugins/elementor/modules/home/transformations/filter-sidebar-upgrade-by-license.php
	modified:   wp-content/plugins/elementor/modules/notifications/api.php
	modified:   wp-content/plugins/elementor/modules/wp-rest/classes/elementor-post-meta.php
	modified:   wp-content/plugins/elementor/readme.txt
	modified:   wp-content/plugins/elementor/vendor/composer/installed.php
	modified:   wp-content/themes/houzez-child/style.css
	modified:   wp-content/themes/houzez/single-property.php
	modified:   wp-content/themes/houzez/template/user_dashboard_properties.php
	deleted:    wp-content/uploads/2024/09/01-1-1024x683.jpg
	deleted:    wp-content/uploads/2024/09/01-1-1170x785.jpg
	deleted:    wp-content/uploads/2024/09/01-1-120x90.jpg
	deleted:    wp-content/uploads/2024/09/01-1-150x150.jpg
	deleted:    wp-content/uploads/2024/09/01-1-300x200.jpg
	deleted:    wp-content/uploads/2024/09/01-1-496x331.jpg
	deleted:    wp-content/uploads/2024/09/01-1-584x438.jpg
	deleted:    wp-content/uploads/2024/09/01-1-592x444.jpg
	deleted:    wp-content/uploads/2024/09/01-1-758x564.jpg
	deleted:    wp-content/uploads/2024/09/01-1-768x512.jpg
	deleted:    wp-content/uploads/2024/09/01-1-780x780.jpg
	deleted:    wp-content/uploads/2024/09/01-1-900x600.jpg
	deleted:    wp-content/uploads/2024/09/01-1.jpg
	deleted:    wp-content/uploads/2024/09/01-6-1024x683.jpg
	deleted:    wp-content/uploads/2024/09/01-6-1170x785.jpg
	deleted:    wp-content/uploads/2024/09/01-6-120x90.jpg
	deleted:    wp-content/uploads/2024/09/01-6-150x150.jpg
	deleted:    wp-content/uploads/2024/09/01-6-300x200.jpg
	deleted:    wp-content/uploads/2024/09/01-6-496x331.jpg
	deleted:    wp-content/uploads/2024/09/01-6-584x438.jpg
	deleted:    wp-content/uploads/2024/09/01-6-592x444.jpg
	deleted:    wp-content/uploads/2024/09/01-6-758x564.jpg
	deleted:    wp-content/uploads/2024/09/01-6-768x512.jpg
	deleted:    wp-content/uploads/2024/09/01-6-780x780.jpg
	deleted:    wp-content/uploads/2024/09/01-6-900x600.jpg
	deleted:    wp-content/uploads/2024/09/01-6.jpg
	deleted:    wp-content/uploads/2024/09/02-4-1024x683.jpg
	deleted:    wp-content/uploads/2024/09/02-4-1170x785.jpg
	deleted:    wp-content/uploads/2024/09/02-4-120x90.jpg
	deleted:    wp-content/uploads/2024/09/02-4-150x150.jpg
	deleted:    wp-content/uploads/2024/09/02-4-300x200.jpg
	deleted:    wp-content/uploads/2024/09/02-4-496x331.jpg
	deleted:    wp-content/uploads/2024/09/02-4-584x438.jpg
	deleted:    wp-content/uploads/2024/09/02-4-592x444.jpg
	deleted:    wp-content/uploads/2024/09/02-4-758x564.jpg
	deleted:    wp-content/uploads/2024/09/02-4-768x512.jpg
	deleted:    wp-content/uploads/2024/09/02-4-780x780.jpg
	deleted:    wp-content/uploads/2024/09/02-4-900x600.jpg
	deleted:    wp-content/uploads/2024/09/02-4.jpg
	deleted:    wp-content/uploads/2024/09/05-1024x683.jpg
	deleted:    wp-content/uploads/2024/09/05-1170x785.jpg
	deleted:    wp-content/uploads/2024/09/05-120x90.jpg
	deleted:    wp-content/uploads/2024/09/05-150x150.jpg
	deleted:    wp-content/uploads/2024/09/05-1536x1024.jpg
	deleted:    wp-content/uploads/2024/09/05-300x200.jpg
	deleted:    wp-content/uploads/2024/09/05-496x331.jpg
	deleted:    wp-content/uploads/2024/09/05-584x438.jpg
	deleted:    wp-content/uploads/2024/09/05-592x444.jpg
	deleted:    wp-content/uploads/2024/09/05-758x564.jpg
	deleted:    wp-content/uploads/2024/09/05-768x512.jpg
	deleted:    wp-content/uploads/2024/09/05-780x780.jpg
	deleted:    wp-content/uploads/2024/09/05-900x600.jpg
	deleted:    wp-content/uploads/2024/09/05.jpg
	deleted:    wp-content/uploads/2024/09/10-1-1024x683.jpg
	deleted:    wp-content/uploads/2024/09/10-1-1170x785.jpg
	deleted:    wp-content/uploads/2024/09/10-1-120x90.jpg
	deleted:    wp-content/uploads/2024/09/10-1-150x150.jpg
	deleted:    wp-content/uploads/2024/09/10-1-1536x1024.jpg
	deleted:    wp-content/uploads/2024/09/10-1-300x200.jpg
	deleted:    wp-content/uploads/2024/09/10-1-496x331.jpg
	deleted:    wp-content/uploads/2024/09/10-1-584x438.jpg
	deleted:    wp-content/uploads/2024/09/10-1-592x444.jpg
	deleted:    wp-content/uploads/2024/09/10-1-758x564.jpg
	deleted:    wp-content/uploads/2024/09/10-1-768x512.jpg
	deleted:    wp-content/uploads/2024/09/10-1-780x780.jpg
	deleted:    wp-content/uploads/2024/09/10-1-900x600.jpg
	deleted:    wp-content/uploads/2024/09/10-1.jpg
	deleted:    wp-content/uploads/2024/09/10-3-1024x683.jpg
	deleted:    wp-content/uploads/2024/09/10-3-1170x785.jpg
	deleted:    wp-content/uploads/2024/09/10-3-120x90.jpg
	deleted:    wp-content/uploads/2024/09/10-3-150x150.jpg
	deleted:    wp-content/uploads/2024/09/10-3-300x200.jpg
	deleted:    wp-content/uploads/2024/09/10-3-496x331.jpg
	deleted:    wp-content/uploads/2024/09/10-3-584x438.jpg
	deleted:    wp-content/uploads/2024/09/10-3-592x444.jpg
	deleted:    wp-content/uploads/2024/09/10-3-758x564.jpg
	deleted:    wp-content/uploads/2024/09/10-3-768x512.jpg
	deleted:    wp-content/uploads/2024/09/10-3-780x780.jpg
	deleted:    wp-content/uploads/2024/09/10-3-900x600.jpg
	deleted:    wp-content/uploads/2024/09/10-3.jpg
	deleted:    wp-content/uploads/2024/09/10-5-1024x683.jpg
	deleted:    wp-content/uploads/2024/09/10-5-1170x785.jpg
	deleted:    wp-content/uploads/2024/09/10-5-120x90.jpg
	deleted:    wp-content/uploads/2024/09/10-5-150x150.jpg
	deleted:    wp-content/uploads/2024/09/10-5-300x200.jpg
	deleted:    wp-content/uploads/2024/09/10-5-496x331.jpg
	deleted:    wp-content/uploads/2024/09/10-5-584x438.jpg
	deleted:    wp-content/uploads/2024/09/10-5-592x444.jpg
	deleted:    wp-content/uploads/2024/09/10-5-758x564.jpg
	deleted:    wp-content/uploads/2024/09/10-5-768x512.jpg
	deleted:    wp-content/uploads/2024/09/10-5-780x780.jpg
	deleted:    wp-content/uploads/2024/09/10-5-900x600.jpg
	deleted:    wp-content/uploads/2024/09/10-5.jpg
	deleted:    wp-content/uploads/2024/09/12-1024x683.jpg
	deleted:    wp-content/uploads/2024/09/12-1170x785.jpg
	deleted:    wp-content/uploads/2024/09/12-120x90.jpg
	deleted:    wp-content/uploads/2024/09/12-150x150.jpg
	deleted:    wp-content/uploads/2024/09/12-1536x1024.jpg
	deleted:    wp-content/uploads/2024/09/12-300x200.jpg
	deleted:    wp-content/uploads/2024/09/12-496x331.jpg
	deleted:    wp-content/uploads/2024/09/12-584x438.jpg
	deleted:    wp-content/uploads/2024/09/12-592x444.jpg
	deleted:    wp-content/uploads/2024/09/12-758x564.jpg
	deleted:    wp-content/uploads/2024/09/12-768x512.jpg
	deleted:    wp-content/uploads/2024/09/12-780x780.jpg
	deleted:    wp-content/uploads/2024/09/12-900x600.jpg
	deleted:    wp-content/uploads/2024/09/12.jpg
	deleted:    wp-content/uploads/2024/09/13-1-1024x683.jpg
	deleted:    wp-content/uploads/2024/09/13-1-1170x785.jpg
	deleted:    wp-content/uploads/2024/09/13-1-120x90.jpg
	deleted:    wp-content/uploads/2024/09/13-1-150x150.jpg
	deleted:    wp-content/uploads/2024/09/13-1-300x200.jpg
	deleted:    wp-content/uploads/2024/09/13-1-496x331.jpg
	deleted:    wp-content/uploads/2024/09/13-1-584x438.jpg
	deleted:    wp-content/uploads/2024/09/13-1-592x444.jpg
	deleted:    wp-content/uploads/2024/09/13-1-758x564.jpg
	deleted:    wp-content/uploads/2024/09/13-1-768x512.jpg
	deleted:    wp-content/uploads/2024/09/13-1-780x780.jpg
	deleted:    wp-content/uploads/2024/09/13-1-900x600.jpg
	deleted:    wp-content/uploads/2024/09/13-1.jpg
	deleted:    wp-content/uploads/2024/09/13-12-1024x683.jpg
	deleted:    wp-content/uploads/2024/09/13-12-1170x785.jpg
	deleted:    wp-content/uploads/2024/09/13-12-120x90.jpg
	deleted:    wp-content/uploads/2024/09/13-12-150x150.jpg
	deleted:    wp-content/uploads/2024/09/13-12-300x200.jpg
	deleted:    wp-content/uploads/2024/09/13-12-496x331.jpg
	deleted:    wp-content/uploads/2024/09/13-12-584x438.jpg
	deleted:    wp-content/uploads/2024/09/13-12-592x444.jpg
	deleted:    wp-content/uploads/2024/09/13-12-758x564.jpg
	deleted:    wp-content/uploads/2024/09/13-12-768x512.jpg
	deleted:    wp-content/uploads/2024/09/13-12-780x780.jpg
	deleted:    wp-content/uploads/2024/09/13-12-900x600.jpg
	deleted:    wp-content/uploads/2024/09/13-12.jpg
	deleted:    wp-content/uploads/2024/09/15-1-1024x683.jpg
	deleted:    wp-content/uploads/2024/09/15-1-1170x785.jpg
	deleted:    wp-content/uploads/2024/09/15-1-120x90.jpg
	deleted:    wp-content/uploads/2024/09/15-1-150x150.jpg
	deleted:    wp-content/uploads/2024/09/15-1-300x200.jpg
	deleted:    wp-content/uploads/2024/09/15-1-496x331.jpg
	deleted:    wp-content/uploads/2024/09/15-1-584x438.jpg
	deleted:    wp-content/uploads/2024/09/15-1-592x444.jpg
	deleted:    wp-content/uploads/2024/09/15-1-758x564.jpg
	deleted:    wp-content/uploads/2024/09/15-1-768x512.jpg
	deleted:    wp-content/uploads/2024/09/15-1-780x780.jpg
	deleted:    wp-content/uploads/2024/09/15-1-900x600.jpg
	deleted:    wp-content/uploads/2024/09/15-1.jpg
	deleted:    wp-content/uploads/2024/09/16-5-1024x683.jpg
	deleted:    wp-content/uploads/2024/09/16-5-1170x785.jpg
	deleted:    wp-content/uploads/2024/09/16-5-120x90.jpg
	deleted:    wp-content/uploads/2024/09/16-5-150x150.jpg
	deleted:    wp-content/uploads/2024/09/16-5-300x200.jpg
	deleted:    wp-content/uploads/2024/09/16-5-496x331.jpg
	deleted:    wp-content/uploads/2024/09/16-5-584x438.jpg
	deleted:    wp-content/uploads/2024/09/16-5-592x444.jpg
	deleted:    wp-content/uploads/2024/09/16-5-758x564.jpg
	deleted:    wp-content/uploads/2024/09/16-5-768x512.jpg
	deleted:    wp-content/uploads/2024/09/16-5-780x780.jpg
	deleted:    wp-content/uploads/2024/09/16-5-900x600.jpg
	deleted:    wp-content/uploads/2024/09/16-5.jpg
	deleted:    wp-content/uploads/2024/09/19-1024x683.jpg
	deleted:    wp-content/uploads/2024/09/19-1170x785.jpg
	deleted:    wp-content/uploads/2024/09/19-120x90.jpg
	deleted:    wp-content/uploads/2024/09/19-150x150.jpg
	deleted:    wp-content/uploads/2024/09/19-300x200.jpg
	deleted:    wp-content/uploads/2024/09/19-496x331.jpg
	deleted:    wp-content/uploads/2024/09/19-584x438.jpg
	deleted:    wp-content/uploads/2024/09/19-592x444.jpg
	deleted:    wp-content/uploads/2024/09/19-758x564.jpg
	deleted:    wp-content/uploads/2024/09/19-768x512.jpg
	deleted:    wp-content/uploads/2024/09/19-780x780.jpg
	deleted:    wp-content/uploads/2024/09/19-900x600.jpg
	deleted:    wp-content/uploads/2024/09/19.jpg
	deleted:    wp-content/uploads/2024/09/single-home-0013-1024x683.jpg
	deleted:    wp-content/uploads/2024/09/single-home-0013-1170x785.jpg
	deleted:    wp-content/uploads/2024/09/single-home-0013-120x90.jpg
	deleted:    wp-content/uploads/2024/09/single-home-0013-150x150.jpg
	deleted:    wp-content/uploads/2024/09/single-home-0013-300x200.jpg
	deleted:    wp-content/uploads/2024/09/single-home-0013-496x331.jpg
	deleted:    wp-content/uploads/2024/09/single-home-0013-584x438.jpg
	deleted:    wp-content/uploads/2024/09/single-home-0013-592x444.jpg
	deleted:    wp-content/uploads/2024/09/single-home-0013-758x564.jpg
	deleted:    wp-content/uploads/2024/09/single-home-0013-768x512.jpg
	deleted:    wp-content/uploads/2024/09/single-home-0013-780x780.jpg
	deleted:    wp-content/uploads/2024/09/single-home-0013-900x600.jpg
	deleted:    wp-content/uploads/2024/09/single-home-0013.jpg
	modified:   wp-content/uploads/elementor/css/post-10.css
	modified:   wp-content/uploads/elementor/css/post-16650.css
	modified:   wp-content/uploads/elementor/css/post-16941.css
	deleted:    wp-content/uploads/elementor/css/post-19222.css
	deleted:    wp-content/uploads/elementor/css/post-19297.css
	deleted:    wp-content/uploads/elementor/css/post-19513.css
	modified:   wp-content/uploads/elementor/css/post-19570.css
	modified:   wp-content/uploads/elementor/css/post-56.css
	modified:   wp-content/uploads/elementor/css/post-8.css
	modified:   wp-includes/assets/script-loader-packages.min.php
	modified:   wp-includes/assets/script-loader-packages.php
	modified:   wp-includes/assets/script-modules-packages.min.php
	modified:   wp-includes/assets/script-modules-packages.php
	modified:   wp-includes/blocks.php
	modified:   wp-includes/blocks/navigation.php
	modified:   wp-includes/class-wp-block-metadata-registry.php
	modified:   wp-includes/class-wp-block-templates-registry.php
	modified:   wp-includes/css/dist/block-editor/content-rtl.css
	modified:   wp-includes/css/dist/block-editor/content-rtl.min.css
	modified:   wp-includes/css/dist/block-editor/content.css
	modified:   wp-includes/css/dist/block-editor/content.min.css
	modified:   wp-includes/css/dist/block-editor/style-rtl.css
	modified:   wp-includes/css/dist/block-editor/style-rtl.min.css
	modified:   wp-includes/css/dist/block-editor/style.css
	modified:   wp-includes/css/dist/block-editor/style.min.css
	modified:   wp-includes/css/dist/edit-post/style-rtl.css
	modified:   wp-includes/css/dist/edit-post/style-rtl.min.css
	modified:   wp-includes/css/dist/edit-post/style.css
	modified:   wp-includes/css/dist/edit-post/style.min.css
	modified:   wp-includes/css/dist/edit-site/posts-rtl.css
	modified:   wp-includes/css/dist/edit-site/posts-rtl.min.css
	modified:   wp-includes/css/dist/edit-site/posts.css
	modified:   wp-includes/css/dist/edit-site/posts.min.css
	modified:   wp-includes/css/dist/edit-site/style-rtl.css
	modified:   wp-includes/css/dist/edit-site/style-rtl.min.css
	modified:   wp-includes/css/dist/edit-site/style.css
	modified:   wp-includes/css/dist/edit-site/style.min.css
	modified:   wp-includes/css/dist/editor/style-rtl.css
	modified:   wp-includes/css/dist/editor/style-rtl.min.css
	modified:   wp-includes/css/dist/editor/style.css
	modified:   wp-includes/css/dist/editor/style.min.css
	modified:   wp-includes/html-api/class-wp-html-open-elements.php
	modified:   wp-includes/html-api/class-wp-html-processor.php
	modified:   wp-includes/html-api/class-wp-html-tag-processor.php
	modified:   wp-includes/js/dist/block-directory.js
	modified:   wp-includes/js/dist/block-editor.js
	modified:   wp-includes/js/dist/block-editor.min.js
	modified:   wp-includes/js/dist/block-library.js
	modified:   wp-includes/js/dist/blocks.js
	modified:   wp-includes/js/dist/commands.js
	modified:   wp-includes/js/dist/components.js
	modified:   wp-includes/js/dist/components.min.js
	modified:   wp-includes/js/dist/compose.js
	modified:   wp-includes/js/dist/compose.min.js
	modified:   wp-includes/js/dist/core-data.js
	modified:   wp-includes/js/dist/core-data.min.js
	modified:   wp-includes/js/dist/customize-widgets.js
	modified:   wp-includes/js/dist/data.js
	modified:   wp-includes/js/dist/edit-post.js
	modified:   wp-includes/js/dist/edit-post.min.js
	modified:   wp-includes/js/dist/edit-site.js
	modified:   wp-includes/js/dist/editor.js
	modified:   wp-includes/js/dist/editor.min.js
	modified:   wp-includes/js/dist/element.js
	modified:   wp-includes/js/dist/fields.js
	modified:   wp-includes/js/dist/keyboard-shortcuts.js
	modified:   wp-includes/js/dist/list-reusable-blocks.js
	modified:   wp-includes/js/dist/patterns.js
	modified:   wp-includes/js/dist/rich-text.js
	modified:   wp-includes/js/dist/script-modules/interactivity/debug.js
	modified:   wp-includes/js/dist/script-modules/interactivity/debug.min.js
	modified:   wp-includes/js/dist/script-modules/interactivity/index.js
	modified:   wp-includes/js/dist/script-modules/interactivity/index.min.js
	modified:   wp-includes/js/dist/style-engine.js
	modified:   wp-includes/js/dist/widgets.js
	modified:   wp-includes/rest-api/endpoints/class-wp-rest-posts-controller.php
	modified:   wp-includes/script-loader.php
	modified:   wp-includes/version.php

Untracked files:
  (use "git add <file>..." to include in what will be committed)
	wp-content/plugins/elementor/modules/home/transformations/filter-sidebar-promotion-by-license.php
	wp-content/uploads/2025/02/01-1-1-1024x683.jpg
	wp-content/uploads/2025/02/01-1-1-1170x785.jpg
	wp-content/uploads/2025/02/01-1-1-120x90.jpg
	wp-content/uploads/2025/02/01-1-1-150x150.jpg
	wp-content/uploads/2025/02/01-1-1-300x200.jpg
	wp-content/uploads/2025/02/01-1-1-496x331.jpg
	wp-content/uploads/2025/02/01-1-1-584x438.jpg
	wp-content/uploads/2025/02/01-1-1-592x444.jpg
	wp-content/uploads/2025/02/01-1-1-758x564.jpg
	wp-content/uploads/2025/02/01-1-1-768x512.jpg
	wp-content/uploads/2025/02/01-1-1-780x780.jpg
	wp-content/uploads/2025/02/01-1-1-900x600.jpg
	wp-content/uploads/2025/02/01-1-1.jpg
	wp-content/uploads/2025/02/16-1-1024x683.jpg
	wp-content/uploads/2025/02/16-1-1170x785.jpg
	wp-content/uploads/2025/02/16-1-120x90.jpg
	wp-content/uploads/2025/02/16-1-150x150.jpg
	wp-content/uploads/2025/02/16-1-1536x1024.jpg
	wp-content/uploads/2025/02/16-1-300x200.jpg
	wp-content/uploads/2025/02/16-1-496x331.jpg
	wp-content/uploads/2025/02/16-1-584x438.jpg
	wp-content/uploads/2025/02/16-1-592x444.jpg
	wp-content/uploads/2025/02/16-1-758x564.jpg
	wp-content/uploads/2025/02/16-1-768x512.jpg
	wp-content/uploads/2025/02/16-1-780x780.jpg
	wp-content/uploads/2025/02/16-1-900x600.jpg
	wp-content/uploads/2025/02/16-1.jpg
	wp-content/uploads/2025/02/39-4-4-1024x683.jpg
	wp-content/uploads/2025/02/39-4-4-1170x785.jpg
	wp-content/uploads/2025/02/39-4-4-120x90.jpg
	wp-content/uploads/2025/02/39-4-4-150x150.jpg
	wp-content/uploads/2025/02/39-4-4-300x200.jpg
	wp-content/uploads/2025/02/39-4-4-496x331.jpg
	wp-content/uploads/2025/02/39-4-4-584x438.jpg
	wp-content/uploads/2025/02/39-4-4-592x444.jpg
	wp-content/uploads/2025/02/39-4-4-758x564.jpg
	wp-content/uploads/2025/02/39-4-4-768x512.jpg
	wp-content/uploads/2025/02/39-4-4-780x780.jpg
	wp-content/uploads/2025/02/39-4-4-900x600.jpg
	wp-content/uploads/2025/02/39-4-4.jpg
	wp-content/uploads/elementor/thumbs/AdobeStock_277576690-r1gag50s5j53gcksb0ska2ivzw2zw62g2jme6t0wqo.jpg
	wp-content/uploads/elementor/thumbs/AdobeStock_304762423-r1gag50s5j53gcksb0ska2ivzw2zw62g2jme6t0wqo.jpg
	wp-content/uploads/elementor/thumbs/AdobeStock_488945652-r1gag50s5j53gcksb0ska2ivzw2zw62g2jme6t0wqo.jpg

no changes added to commit (use "git add" and/or "git commit -a")
Looking for composer.lock file
composer.lock file was not found
Looking for composer.json file
composer.json file was not found
Deployment end